MPASM 5.84                      TMR1_INT.ASM   11-6-2019  4:21:57         PAGE  1


LOC  OBJECT CODE     LINE SOURCE TEXT
  VALUE

                      00001         ;KODLAMA SABLONU
                      00002 
                      00003         list            p=16f877A       ; hangi pic
                      00004         #include        <p16f877A.inc>  ; SFR register 'lar?n tan?mland??? kutuphane
                      00001         LIST
                      00002 
                      00003 ;==========================================================================
                      00004 ; Build date : Mar 17 2019
                      00005 ;  MPASM PIC16F877A processor include
                      00006 ; 
                      00007 ;  (c) Copyright 1999-2019 Microchip Technology, All rights reserved
                      00008 ;==========================================================================
                      00009 
                      00567         LIST
                      00005         
2007   3F31           00006         __CONFIG H'3F31'
                      00007 
                      00008 ; WDT, ossilatör gibi register ayarlar?
                      00009 
                      00010         
                      00011 ;KULLANILACAK DEGISKENLER
                      00012 
  00000020            00013 GECIKME1        EQU     0x20    ;GEC?KME 1. DONGU
  00000021            00014 GECIKME2        EQU     0x21    ;GECIKME 2. DONGU
  00000022            00015 GECIKME3        EQU     0x22    ;GECIKME 3.DONGU
  00000023            00016 GECIKME4        EQU     0x23    ;TMR GECIKMESI ICIN (BELKI YAZILIM GECIKME KULLANILABILIR DIYE)
                      00017 
                      00018 
                      00019 
                      00020 
                      00021 ;***** Kesme durumunda kaydedilmesi gereken SFR ler icin kullanilacak yardimci degiskenler
  0000007D            00022 w_temp          EQU     0x7D            
  0000007E            00023 status_temp     EQU     0x7E            
  0000007F            00024 pclath_temp     EQU     0x7F                                    
                      00025 
                      00026 
                      00027 ;********************************************************************************************
                      00028         ORG     0x000                   ; Baslama vektoru
                      00029 
0000   0000           00030         nop                                                     ; ICD ozelliginin aktif edilmesi icin ge
                            reken bekleme 
0001   2???           00031         goto    BASLA                   ; baslama etiketine gir
                      00032 
                      00033         
                      00034 ;**********************************************************************************************
                      00035         ORG     0x004                   ; kesme vektoru
                      00036 
0004   00FD           00037         MOVWF   w_temp                  ; W n?n yedegini al
0005   0803           00038         MOVF    STATUS,w                ; Status un yedegini almak icin onu once W ya al
0006   00FE           00039         MOVWF   status_temp             ; Status u yedek register '?na al
0007   080A           00040         MOVF    PCLATH,w                        ; PCLATH '? yedeklemek icin onu once W 'ya al
0008   00FF           00041         MOVWF   pclath_temp                     ; PCLATH '? yedek register a al
                      00042         
MPASM 5.84                      TMR1_INT.ASM   11-6-2019  4:21:57         PAGE  2


LOC  OBJECT CODE     LINE SOURCE TEXT
  VALUE

0009   1283 1303      00043         BANKSEL PIR1                    ; TMR1 F BIT KONTROLU PIR1 DE
000B   100C           00044         BCF     PIR1,0                  ; TMR1 YENI KESMELERI YAKALAYABILSIN DIYE SIFIRLANMALI
000C   30DB           00045         MOVLW   0xDB                    ; TEKRARDAN 500msn GEC?KME ICIN tmr1 62500(65535-62500=3035)
000D   008E           00046         MOVWF   TMR1L                   ; LOW DEGERI YUKLE
000E   300B           00047         MOVLW   0x0B                    ; HIGH DEGERI YUKLE
000F   008F           00048         MOVWF   TMR1H
                      00049         
0010   0AA3           00050         INCF    GECIKME4,1              ; 2 YE ULASMAK ICIN ARTTIR
                      00051         
0011   3002           00052         MOVLW   d'2'                    ; GECIKME4 2 YE ULASTIMI ()
0012   0223           00053         SUBWF   GECIKME4,W              
0013   1D03           00054         BTFSS   STATUS,Z
0014   2???           00055         GOTO    DONUS                    ; EGER ULASMADI ISE CALISMAYA DEVAM
0015   01A3           00056         CLRF    GECIKME4                 ; ULASTI ISE TEKRARDAN GECIKME4 U 2 YE SAYMASI ICIN SIFIRLA
                      00057         
0016   1083           00058         BCF     STATUS,DC               ; PORTB NIN ?LK DORT BITI 15 OLDUMU DIYE KONTROL EDILECK DIYE SI
                            FIRLA
0017   3001           00059         MOVLW   0x01                    ; STATUS DC KULLANMAK ICIN ADDLW, ADDWF GIBI KOMUTLAR GEREKLI
0018   0786           00060         ADDWF   PORTB,1                 ; PORTB ARTISI BINARY GOSTER
                      00061         
0019   1C83           00062         BTFSS   STATUS,DC               ; EGER PORTB 15 OLDU ISE SIFIRLA
001A   2???           00063         GOTO    DONUS
001B   0186           00064         CLRF    PORTB
                      00065         
001C                  00066 DONUS
001C   087F           00067         MOVF    pclath_temp,w           ; Geri donmeden once tum yedekleri geri yukle
001D   008A           00068         MOVWF   PCLATH                          
001E   087E           00069         MOVF    status_temp,w           
001F   0083           00070         MOVWF   STATUS                  
0020   0EFD           00071         SWAPF   w_temp,f
0021   0E7D           00072         SWAPF   w_temp,w 
0022   0009           00073         RETFIE                          ; Kesme 'den don
                      00074 ;***********************************************************************************************
                      00075         
                      00076 ;**************************TMR SIZ 1 SN GECIKME*****************************************************
                      00077 
0023                  00078 GECIKME                         ; (herbir komut 4mhz de 1mikrosn) = 1 sn GEC?KME (yakla??k)
0023   3008           00079         MOVLW   0x08
0024   00A0           00080         MOVWF   GECIKME1        
                      00081         
0025   302F           00082         MOVLW   0x2F
0026   00A1           00083         MOVWF   GECIKME2
0027   3003           00084         MOVLW   0x03
0028   00A2           00085         MOVWF   GECIKME3
0029                  00086 DONGU1
0029   0BA0           00087         DECFSZ  GECIKME1,1
002A   2???           00088         GOTO    $+2
002B   0BA1           00089         DECFSZ  GECIKME2,1
002C   2???           00090         GOTO    $+2
002D   0BA2           00091         DECFSZ  GECIKME3,1
002E   2???           00092         GOTO    DONGU1
                      00093         
002F   0000           00094         NOP
MPASM 5.84                      TMR1_INT.ASM   11-6-2019  4:21:57         PAGE  3


LOC  OBJECT CODE     LINE SOURCE TEXT
  VALUE

0030   0000           00095         NOP
0031   0000           00096         NOP     
0032   0008           00097         RETURN
                      00098 ;*******************************************************************************************************
                            *********
                      00099         
                      00100 ;*****************************************************************************************************
                      00101 
0033                  00102 KATOT_LOOKUP
0033   0782           00103         ADDWF   PCL,1                       ;W DAK? DEGERI PROGRAM COUNTER PCL INE EKLE VE UYGUN DISPLAY
                             CIKTISINI W YA AL
0034   343F           00104         RETLW   0x3F
0035   3406           00105         RETLW   0x06
0036   345B           00106         RETLW   0x5B
0037   344F           00107         RETLW   0x4F
0038   3466           00108         RETLW   0x66
0039   346D           00109         RETLW   0x6D
003A   347D           00110         RETLW   0x7D
003B   3407           00111         RETLW   0x07
003C   347F           00112         RETLW   0x7F
003D   346F           00113         RETLW   0x6F
                      00114 
                      00115 ;*****************************************************************************************************
                      00116 ;*******************************************************************************************************
                      00117         
003E                  00118 BASLA
                      00119 
                      00120         
003E   1683 1303      00121         BANKSEL TRISB
Message[302]: Register in operand not in bank 0.  Ensure that bank bits are correct.
0040   0186           00122         CLRF    TRISB
0041   1283 1303      00123         BANKSEL T1CON
0043   3031           00124         MOVLW   b'00110001'         ;PRESCALAR 1:8
0044   0090           00125         MOVWF   T1CON
                      00126         
0045   100C           00127         BCF     PIR1,TMR1IF         ;NE OLUR NE OLMAZ. BASTA TMR1 KESME BAYRAGI 0 DAN BASLASIN
                      00128         
0046   1683 1303      00129         BANKSEL PIE1
Message[302]: Register in operand not in bank 0.  Ensure that bank bits are correct.
0048   140C           00130         BSF     PIE1,TMR1IE
                      00131         
0049   1283 1303      00132         BANKSEL PORTB
004B   0186           00133         CLRF    PORTB
                      00134                     
                      00135                                         ; => 4MHz icin prescalar ile tmr cycle 8 microsn. 8x62.500=500ms
                            n
004C   30DB           00136         MOVLW   0xDB                    ; bUNUN ICIN tmr1 62500(YANI 65535-62500=3035 (0x0BDB))
004D   008E           00137         MOVWF   TMR1L                   ; LOW DEGERI YUKLE
004E   300B           00138         MOVLW   0x0B                    ; HIGH DEGERI YUKLE
004F   008F           00139         MOVWF   TMR1H
0050   01A3           00140         CLRF    GECIKME4            ; GECIKME4 DEGISKENI 2 KEZ TMR1 I CALISTIRACAK VE 1SN GECIKME OLACAK
                      00141         
0051   30C0           00142         MOVLW   b'11000000'         ; GLOBAL VE CEVRESEL KESMELER AKTIF
MPASM 5.84                      TMR1_INT.ASM   11-6-2019  4:21:57         PAGE  4


LOC  OBJECT CODE     LINE SOURCE TEXT
  VALUE

0052   008B           00143         MOVWF   INTCON
                      00144         
                      00145         
0053                  00146 CALIS
0053   2???           00147         GOTO    CALIS               ;KESME OLMASINI BEKLE
                      00148         
3F31                  00149         END                       ; Program sonu
MPASM 5.84                      TMR1_INT.ASM   11-6-2019  4:21:57         PAGE  5


SYMBOL TABLE
  LABEL                             VALUE 

ACKDT                             00000005
ACKEN                             00000004
ACKSTAT                           00000006
ADCON0                            0000001F
ADCON1                            0000009F
ADCS0                             00000006
ADCS1                             00000007
ADCS2                             00000006
ADDEN                             00000003
ADFM                              00000007
ADIE                              00000006
ADIF                              00000006
ADON                              00000000
ADRESH                            0000001E
ADRESL                            0000009E
BASLA                             0000003E
BCLIE                             00000003
BCLIF                             00000003
BF                                00000000
BRGH                              00000002
C                                 00000000
C1INV                             00000004
C1OUT                             00000006
C2INV                             00000005
C2OUT                             00000007
CALIS                             00000053
CCP1CON                           00000017
CCP1IE                            00000002
CCP1IF                            00000002
CCP1M0                            00000000
CCP1M1                            00000001
CCP1M2                            00000002
CCP1M3                            00000003
CCP1X                             00000005
CCP1Y                             00000004
CCP2CON                           0000001D
CCP2IE                            00000000
CCP2IF                            00000000
CCP2M0                            00000000
CCP2M1                            00000001
CCP2M2                            00000002
CCP2M3                            00000003
CCP2X                             00000005
CCP2Y                             00000004
CCPR1                             00000015
CCPR1H                            00000016
CCPR1L                            00000015
CCPR2                             0000001B
CCPR2H                            0000001C
CCPR2L                            0000001B
CHS0                              00000003
CHS1                              00000004
CHS2                              00000005
MPASM 5.84                      TMR1_INT.ASM   11-6-2019  4:21:57         PAGE  6


SYMBOL TABLE
  LABEL                             VALUE 

CIS                               00000003
CKE                               00000006
CKP                               00000004
CM0                               00000000
CM1                               00000001
CM2                               00000002
CMCON                             0000009C
CMIE                              00000006
CMIF                              00000006
CREN                              00000004
CSRC                              00000007
CVR0                              00000000
CVR1                              00000001
CVR2                              00000002
CVR3                              00000003
CVRCON                            0000009D
CVREN                             00000007
CVROE                             00000006
CVRR                              00000005
D                                 00000005
DATA_ADDRESS                      00000005
DC                                00000001
DONGU1                            00000029
DONUS                             0000001C
D_A                               00000005
D_NOT_A                           00000005
EEADR                             0000010D
EEADRH                            0000010F
EECON1                            0000018C
EECON2                            0000018D
EEDATA                            0000010C
EEDATH                            0000010E
EEIE                              00000004
EEIF                              00000004
EEPGD                             00000007
F                                 00000001
FERR                              00000002
FSR                               00000004
GCEN                              00000007
GECIKME                           00000023
GECIKME1                          00000020
GECIKME2                          00000021
GECIKME3                          00000022
GECIKME4                          00000023
GIE                               00000007
GO                                00000002
GO_DONE                           00000002
GO_NOT_DONE                       00000002
I2C_DATA                          00000005
I2C_READ                          00000002
I2C_START                         00000003
I2C_STOP                          00000004
IBF                               00000007
MPASM 5.84                      TMR1_INT.ASM   11-6-2019  4:21:57         PAGE  7


SYMBOL TABLE
  LABEL                             VALUE 

IBOV                              00000005
INDF                              00000000
INTCON                            0000000B
INTE                              00000004
INTEDG                            00000006
INTF                              00000001
IRP                               00000007
KATOT_LOOKUP                      00000033
NOT_A                             00000005
NOT_ADDRESS                       00000005
NOT_BO                            00000000
NOT_BOR                           00000000
NOT_DONE                          00000002
NOT_PD                            00000003
NOT_POR                           00000001
NOT_RBPU                          00000007
NOT_RC8                           00000006
NOT_T1SYNC                        00000002
NOT_TO                            00000004
NOT_TX8                           00000006
NOT_W                             00000002
NOT_WRITE                         00000002
OBF                               00000006
OERR                              00000001
OPTION_REG                        00000081
P                                 00000004
PCFG0                             00000000
PCFG1                             00000001
PCFG2                             00000002
PCFG3                             00000003
PCL                               00000002
PCLATH                            0000000A
PCON                              0000008E
PEIE                              00000006
PEN                               00000002
PIE1                              0000008C
PIE2                              0000008D
PIR1                              0000000C
PIR2                              0000000D
PORTA                             00000005
PORTB                             00000006
PORTC                             00000007
PORTD                             00000008
PORTE                             00000009
PR2                               00000092
PS0                               00000000
PS1                               00000001
PS2                               00000002
PSA                               00000003
PSPIE                             00000007
PSPIF                             00000007
PSPMODE                           00000004
R                                 00000002
MPASM 5.84                      TMR1_INT.ASM   11-6-2019  4:21:57         PAGE  8


SYMBOL TABLE
  LABEL                             VALUE 

RA0                               00000000
RA1                               00000001
RA2                               00000002
RA3                               00000003
RA4                               00000004
RA5                               00000005
RB0                               00000000
RB1                               00000001
RB2                               00000002
RB3                               00000003
RB4                               00000004
RB5                               00000005
RB6                               00000006
RB7                               00000007
RBIE                              00000003
RBIF                              00000000
RC0                               00000000
RC1                               00000001
RC2                               00000002
RC3                               00000003
RC4                               00000004
RC5                               00000005
RC6                               00000006
RC7                               00000007
RC8_9                             00000006
RC9                               00000006
RCD8                              00000000
RCEN                              00000003
RCIE                              00000005
RCIF                              00000005
RCREG                             0000001A
RCSTA                             00000018
RD                                00000000
RD0                               00000000
RD1                               00000001
RD2                               00000002
RD3                               00000003
RD4                               00000004
RD5                               00000005
RD6                               00000006
RD7                               00000007
RE0                               00000000
RE1                               00000001
RE2                               00000002
READ_WRITE                        00000002
RP0                               00000005
RP1                               00000006
RSEN                              00000001
RX9                               00000006
RX9D                              00000000
R_NOT_W                           00000002
R_W                               00000002
S                                 00000003
MPASM 5.84                      TMR1_INT.ASM   11-6-2019  4:21:57         PAGE  9


SYMBOL TABLE
  LABEL                             VALUE 

SEN                               00000000
SMP                               00000007
SPBRG                             00000099
SPEN                              00000007
SREN                              00000005
SSPADD                            00000093
SSPBUF                            00000013
SSPCON                            00000014
SSPCON2                           00000091
SSPEN                             00000005
SSPIE                             00000003
SSPIF                             00000003
SSPM0                             00000000
SSPM1                             00000001
SSPM2                             00000002
SSPM3                             00000003
SSPOV                             00000006
SSPSTAT                           00000094
STATUS                            00000003
SYNC                              00000004
T0CS                              00000005
T0IE                              00000005
T0IF                              00000002
T0SE                              00000004
T1CKPS0                           00000004
T1CKPS1                           00000005
T1CON                             00000010
T1INSYNC                          00000002
T1OSCEN                           00000003
T1SYNC                            00000002
T2CKPS0                           00000000
T2CKPS1                           00000001
T2CON                             00000012
TMR0                              00000001
TMR0IE                            00000005
TMR0IF                            00000002
TMR1                              0000000E
TMR1CS                            00000001
TMR1H                             0000000F
TMR1IE                            00000000
TMR1IF                            00000000
TMR1L                             0000000E
TMR1ON                            00000000
TMR2                              00000011
TMR2IE                            00000001
TMR2IF                            00000001
TMR2ON                            00000002
TOUTPS0                           00000003
TOUTPS1                           00000004
TOUTPS2                           00000005
TOUTPS3                           00000006
TRISA                             00000085
TRISA0                            00000000
MPASM 5.84                      TMR1_INT.ASM   11-6-2019  4:21:57         PAGE 10


SYMBOL TABLE
  LABEL                             VALUE 

TRISA1                            00000001
TRISA2                            00000002
TRISA3                            00000003
TRISA4                            00000004
TRISA5                            00000005
TRISB                             00000086
TRISB0                            00000000
TRISB1                            00000001
TRISB2                            00000002
TRISB3                            00000003
TRISB4                            00000004
TRISB5                            00000005
TRISB6                            00000006
TRISB7                            00000007
TRISC                             00000087
TRISC0                            00000000
TRISC1                            00000001
TRISC2                            00000002
TRISC3                            00000003
TRISC4                            00000004
TRISC5                            00000005
TRISC6                            00000006
TRISC7                            00000007
TRISD                             00000088
TRISD0                            00000000
TRISD1                            00000001
TRISD2                            00000002
TRISD3                            00000003
TRISD4                            00000004
TRISD5                            00000005
TRISD6                            00000006
TRISD7                            00000007
TRISE                             00000089
TRISE0                            00000000
TRISE1                            00000001
TRISE2                            00000002
TRMT                              00000001
TX8_9                             00000006
TX9                               00000006
TX9D                              00000000
TXD8                              00000000
TXEN                              00000005
TXIE                              00000004
TXIF                              00000004
TXREG                             00000019
TXSTA                             00000098
UA                                00000001
W                                 00000000
WCOL                              00000007
WR                                00000001
WREN                              00000002
WRERR                             00000003
Z                                 00000002
MPASM 5.84                      TMR1_INT.ASM   11-6-2019  4:21:57         PAGE 11


SYMBOL TABLE
  LABEL                             VALUE 

_.org_1_002A                      0000002A
_.org_1_002C                      0000002C
_BODEN_OFF                        00003FBF
_BODEN_ON                         00003FFF
_BOREN_OFF                        00003FBF
_BOREN_ON                         00003FFF
_CONFIG                           00002007
_CPD_OFF                          00003FFF
_CPD_ON                           00003EFF
_CP_ALL                           00001FFF
_CP_OFF                           00003FFF
_CP_ON                            00001FFF
_DEBUG_OFF                        00003FFF
_DEBUG_ON                         000037FF
_DEVID1                           00002006
_FOSC_EXTRC                       00003FFF
_FOSC_HS                          00003FFE
_FOSC_LP                          00003FFC
_FOSC_XT                          00003FFD
_HS_OSC                           00003FFE
_IDLOC0                           00002000
_IDLOC1                           00002001
_IDLOC2                           00002002
_IDLOC3                           00002003
_LP_OSC                           00003FFC
_LVP_OFF                          00003F7F
_LVP_ON                           00003FFF
_PWRTE_OFF                        00003FFF
_PWRTE_ON                         00003FF7
_RC_OSC                           00003FFF
_WDTE_OFF                         00003FFB
_WDTE_ON                          00003FFF
_WDT_OFF                          00003FFB
_WDT_ON                           00003FFF
_WRT_1FOURTH                      00003BFF
_WRT_256                          00003DFF
_WRT_HALF                         000039FF
_WRT_OFF                          00003FFF
_XT_OSC                           00003FFD
__16F877A                         00000001
pclath_temp                       0000007F
status_temp                       0000007E
w_temp                            0000007D

Errors   :     0
Warnings :     0 reported,     0 suppressed
Messages :     2 reported,     0 suppressed

