MPASM 5.84                   SOLASAGAKAY.ASM   10-22-2019  22:20:55         PAGE  1


LOC  OBJECT CODE     LINE SOURCE TEXT
  VALUE

                      00001 ; Bu ornekte gecikme, timer ile degil dongu ile yap?lacakt?r
                      00002 ; Gecikme alt program?nda toplam 16 komut vard?r. 4 MHz kristal icin her bir komut 1mikrosn
                      00003 ; ?ç içe 2 dongü (255x255) ile 25*255*16 mikrosn = yaklas?k 1sn gecikme olur. 
                      00004 ; NOP bir cycle bekleme yapaca?? unutulmamal?
                      00005         
                      00006 ; Her bir sn de portB de once sola en sona gelince saga kay?yor
                      00007         
                      00008         ;KODLAMA SABLONU
                      00009 
                      00010         list            p=16f877A       ; hangi pic
                      00011         #include        <p16f877A.inc>  ; SFR register 'lar?n tan?mland??? kutuphane
                      00001         LIST
                      00002 
                      00003 ;==========================================================================
                      00004 ; Build date : Mar 17 2019
                      00005 ;  MPASM PIC16F877A processor include
                      00006 ; 
                      00007 ;  (c) Copyright 1999-2019 Microchip Technology, All rights reserved
                      00008 ;==========================================================================
                      00009 
                      00567         LIST
                      00012         
                      00013         ;__CONFIG _CP_OFF & _WDT_OFF & _BODEN_OFF & _PWRTE_ON & _XT_OSC & _WRT_OFF & _LVP_ON & _CPD_OFF
2007   3F31           00014         __CONFIG H'3F31'
                      00015 ; WDT, ossilatör gibi register ayarlar?
                      00016 
                      00017         
                      00018 ;KULLANILACAK DEGISKENLER
                      00019 
  00000020            00020 GECIKME1        EQU     0x20    ;GEC?KME 1. DONGU
  00000021            00021 GECIKME2        EQU     0x21    ;GECIKME 2. DONGU
  00000022            00022 GECIKME3        EQU     0x22    ;GECIKME 3.DONGU
  00000023            00023 SOLSAG          EQU     0x23    ;EGER ICINDEKI DEGER 0x00 ISE SOLA 0x01 ISE SAGA
                      00024 
                      00025 
                      00026 ;***** Kesme durumunda kaydedilmesi gereken SFR ler icin kullanilacak yardimci degiskenler
  0000007D            00027 w_temp          EQU     0x7D            
  0000007E            00028 status_temp     EQU     0x7E            
  0000007F            00029 pclath_temp     EQU     0x7F                                    
                      00030 
                      00031 
                      00032 ;********************************************************************************************
                      00033         ORG     0x000                   ; Baslama vektoru
                      00034 
0000   0000           00035         nop                                                     ; ICD ozelliginin aktif edilmesi icin ge
                            reken bekleme 
0001   2???           00036         goto    BASLA                   ; baslama etiketine gir
                      00037 
                      00038         
                      00039 ;**********************************************************************************************
                      00040         ORG     0x004                   ; kesme vektoru 
                      00041 
0004   00FD           00042         movwf   w_temp                  ; W n?n yedegini al
MPASM 5.84                   SOLASAGAKAY.ASM   10-22-2019  22:20:55         PAGE  2


LOC  OBJECT CODE     LINE SOURCE TEXT
  VALUE

0005   0803           00043         movf    STATUS,w                ; Status un yedegini almak icin onu once W ya al
0006   00FE           00044         movwf   status_temp             ; Status u yedek register '?na al
0007   080A           00045         movf    PCLATH,w                        ; PCLATH '? yedeklemek icin onu once W 'ya al
0008   00FF           00046         movwf   pclath_temp                     ; PCLATH '? yedek register a al
                      00047 
                      00048         ; gerekli kodlar
                      00049 
0009   087F           00050         movf    pclath_temp,w           ; Geri donmeden once tum yedekleri geri yukle
000A   008A           00051         movwf   PCLATH                          
000B   087E           00052         movf    status_temp,w           
000C   0083           00053         movwf   STATUS                  
000D   0EFD           00054         swapf   w_temp,f
000E   0E7D           00055         swapf   w_temp,w                
000F   0009           00056         retfie                          ; Kesme 'den don
                      00057 ;***********************************************************************************************
                      00058 
                      00059         
                      00060 ;*********************************************TMR KULLANMADAN GECIKME***********************************
                            ****************
                      00061 
                      00062 
0010                  00063 GECIKME                         ; (herbir komut 4mhz de 1mikrosn) = 1 sn GEC?KME (yakla??k)
0010   3008           00064         MOVLW   0x08
0011   00A0           00065         MOVWF   GECIKME1        
                      00066         
0012   302F           00067         MOVLW   0x2F
0013   00A1           00068         MOVWF   GECIKME2
0014   3003           00069         MOVLW   0x03
0015   00A2           00070         MOVWF   GECIKME3
0016                  00071 DONGU1
0016   0BA0           00072         DECFSZ  GECIKME1,1
0017   2???           00073         GOTO    $+2
0018   0BA1           00074         DECFSZ  GECIKME2,1
0019   2???           00075         GOTO    $+2
001A   0BA2           00076         DECFSZ  GECIKME3,1
001B   2???           00077         GOTO    DONGU1
                      00078         
001C   0000           00079         NOP
001D   0000           00080         NOP
001E   0000           00081         NOP     
001F   0008           00082         RETURN
                      00083 ;*******************************************************************************************************
                            *********
                      00084         
                      00085         
                      00086 ;*********************************************************************************      
0020                  00087 SSDON
0020   1823           00088         BTFSC   SOLSAG,0            ;EGER SAGSOL=0x00 ?SE SOLA 1 ?SE SAGA DON
0021   2???           00089         GOTO    SAGAGIT
0022   2???           00090         GOTO    SOLAGIT
Message[305]: Using default destination of 1 (file).
0023   0C86           00091 SAGAGIT RRF     PORTB
0024   0008           00092         RETURN
MPASM 5.84                   SOLASAGAKAY.ASM   10-22-2019  22:20:55         PAGE  3


LOC  OBJECT CODE     LINE SOURCE TEXT
  VALUE

Message[305]: Using default destination of 1 (file).
0025   0D86           00093 SOLAGIT RLF     PORTB
0026   0008           00094         RETURN
                      00095 ;*************************************************************************************
                      00096 
0027                  00097 SOLKONTROL
0027   1F86           00098         BTFSS   PORTB,7             ; EN SOLA ULASTI MI?
0028   0008           00099         RETURN                      ; ULASMADI ISE SOLA KAYMAYA DEVAM ET
0029   3001           00100         MOVLW   0x01                ; ULASTI ISE SAGA DONMESI ICIN SOLSAG DEGISKENINE 1 YUKLE
002A   00A3           00101         MOVWF   SOLSAG      
                      00102 ;***************************************************************************************
002B                  00103 SAGKONTROL
002B   1C23           00104         BTFSS   SOLSAG,0            ; ILK PROGRAM BASLARKEN ?LK BIT 1 D?R. HATA OLMASIN D?YE SOLSAG 'IND
                            A 0X01 OLMASI KONTROL ED?LMEL?
002C   0008           00105         RETURN                      ; ILK CALISIYORSA BU CAGRIMI DIKKATE ALMA
002D   1C06           00106         BTFSS   PORTB,0             ; EGER ONCEDEN SOLA DONMUS ISE VE SIMDI SAGA DONUYORSA VE EN SAGDAKI
                             BIT 1 OLMUS ISE ATLA
002E   0008           00107         RETURN                      ; SARTLAR SAGLAMIYORSA SAGA KAYMAYA DEVAM ET
002F   3000           00108         MOVLW   0x00                ; ULASTI IE SOLA DONMESI ICIN SOLSAG DEGISKENINE 0 YUKLE
0030   00A3           00109         MOVWF   SOLSAG  
                      00110 
                      00111 ;*****************************************************************************************
0031                  00112 BASLA
                      00113 
0031   0186           00114         CLRF    PORTB               ; portb de bir?ey olms?n
0032   1683 1303      00115         BANKSEL TRISB               ; portb nin hepsini ç?k?? yap
Message[302]: Register in operand not in bank 0.  Ensure that bank bits are correct.
0034   0186           00116         CLRF    TRISB
                      00117         
0035   1283           00118         BCF     STATUS,RP0          ; Portb ye deger yuklemek icin bank1 e gec
0036   3000           00119         MOVLW   0X00
0037   00A3           00120         MOVWF   SOLSAG              ; BASTA SOLA DONSUN
                      00121 
0038   3001           00122         MOVLW   0X01                ; PORT B 'YI BASTA 00000001 YAP
0039   0086           00123 YUKLE   MOVWF   PORTB
                      00124                     
                      00125         
003A                  00126 DD
003A   2???           00127         CALL    GECIKME             ;1sn GEC?K
003B   2???           00128         CALL    SSDON
003C   2???           00129         CALL    SOLKONTROL
003D   2???           00130         CALL    SAGKONTROL
003E   2???           00131         GOTO    DD
                      00132 
                      00133 
3F31                  00134         END                         ; Program sonu
MPASM 5.84                   SOLASAGAKAY.ASM   10-22-2019  22:20:55         PAGE  4


SYMBOL TABLE
  LABEL                             VALUE 

ACKDT                             00000005
ACKEN                             00000004
ACKSTAT                           00000006
ADCON0                            0000001F
ADCON1                            0000009F
ADCS0                             00000006
ADCS1                             00000007
ADCS2                             00000006
ADDEN                             00000003
ADFM                              00000007
ADIE                              00000006
ADIF                              00000006
ADON                              00000000
ADRESH                            0000001E
ADRESL                            0000009E
BASLA                             00000031
BCLIE                             00000003
BCLIF                             00000003
BF                                00000000
BRGH                              00000002
C                                 00000000
C1INV                             00000004
C1OUT                             00000006
C2INV                             00000005
C2OUT                             00000007
CCP1CON                           00000017
CCP1IE                            00000002
CCP1IF                            00000002
CCP1M0                            00000000
CCP1M1                            00000001
CCP1M2                            00000002
CCP1M3                            00000003
CCP1X                             00000005
CCP1Y                             00000004
CCP2CON                           0000001D
CCP2IE                            00000000
CCP2IF                            00000000
CCP2M0                            00000000
CCP2M1                            00000001
CCP2M2                            00000002
CCP2M3                            00000003
CCP2X                             00000005
CCP2Y                             00000004
CCPR1                             00000015
CCPR1H                            00000016
CCPR1L                            00000015
CCPR2                             0000001B
CCPR2H                            0000001C
CCPR2L                            0000001B
CHS0                              00000003
CHS1                              00000004
CHS2                              00000005
CIS                               00000003
MPASM 5.84                   SOLASAGAKAY.ASM   10-22-2019  22:20:55         PAGE  5


SYMBOL TABLE
  LABEL                             VALUE 

CKE                               00000006
CKP                               00000004
CM0                               00000000
CM1                               00000001
CM2                               00000002
CMCON                             0000009C
CMIE                              00000006
CMIF                              00000006
CREN                              00000004
CSRC                              00000007
CVR0                              00000000
CVR1                              00000001
CVR2                              00000002
CVR3                              00000003
CVRCON                            0000009D
CVREN                             00000007
CVROE                             00000006
CVRR                              00000005
D                                 00000005
DATA_ADDRESS                      00000005
DC                                00000001
DD                                0000003A
DONGU1                            00000016
D_A                               00000005
D_NOT_A                           00000005
EEADR                             0000010D
EEADRH                            0000010F
EECON1                            0000018C
EECON2                            0000018D
EEDATA                            0000010C
EEDATH                            0000010E
EEIE                              00000004
EEIF                              00000004
EEPGD                             00000007
F                                 00000001
FERR                              00000002
FSR                               00000004
GCEN                              00000007
GECIKME                           00000010
GECIKME1                          00000020
GECIKME2                          00000021
GECIKME3                          00000022
GIE                               00000007
GO                                00000002
GO_DONE                           00000002
GO_NOT_DONE                       00000002
I2C_DATA                          00000005
I2C_READ                          00000002
I2C_START                         00000003
I2C_STOP                          00000004
IBF                               00000007
IBOV                              00000005
INDF                              00000000
MPASM 5.84                   SOLASAGAKAY.ASM   10-22-2019  22:20:55         PAGE  6


SYMBOL TABLE
  LABEL                             VALUE 

INTCON                            0000000B
INTE                              00000004
INTEDG                            00000006
INTF                              00000001
IRP                               00000007
NOT_A                             00000005
NOT_ADDRESS                       00000005
NOT_BO                            00000000
NOT_BOR                           00000000
NOT_DONE                          00000002
NOT_PD                            00000003
NOT_POR                           00000001
NOT_RBPU                          00000007
NOT_RC8                           00000006
NOT_T1SYNC                        00000002
NOT_TO                            00000004
NOT_TX8                           00000006
NOT_W                             00000002
NOT_WRITE                         00000002
OBF                               00000006
OERR                              00000001
OPTION_REG                        00000081
P                                 00000004
PCFG0                             00000000
PCFG1                             00000001
PCFG2                             00000002
PCFG3                             00000003
PCL                               00000002
PCLATH                            0000000A
PCON                              0000008E
PEIE                              00000006
PEN                               00000002
PIE1                              0000008C
PIE2                              0000008D
PIR1                              0000000C
PIR2                              0000000D
PORTA                             00000005
PORTB                             00000006
PORTC                             00000007
PORTD                             00000008
PORTE                             00000009
PR2                               00000092
PS0                               00000000
PS1                               00000001
PS2                               00000002
PSA                               00000003
PSPIE                             00000007
PSPIF                             00000007
PSPMODE                           00000004
R                                 00000002
RA0                               00000000
RA1                               00000001
RA2                               00000002
MPASM 5.84                   SOLASAGAKAY.ASM   10-22-2019  22:20:55         PAGE  7


SYMBOL TABLE
  LABEL                             VALUE 

RA3                               00000003
RA4                               00000004
RA5                               00000005
RB0                               00000000
RB1                               00000001
RB2                               00000002
RB3                               00000003
RB4                               00000004
RB5                               00000005
RB6                               00000006
RB7                               00000007
RBIE                              00000003
RBIF                              00000000
RC0                               00000000
RC1                               00000001
RC2                               00000002
RC3                               00000003
RC4                               00000004
RC5                               00000005
RC6                               00000006
RC7                               00000007
RC8_9                             00000006
RC9                               00000006
RCD8                              00000000
RCEN                              00000003
RCIE                              00000005
RCIF                              00000005
RCREG                             0000001A
RCSTA                             00000018
RD                                00000000
RD0                               00000000
RD1                               00000001
RD2                               00000002
RD3                               00000003
RD4                               00000004
RD5                               00000005
RD6                               00000006
RD7                               00000007
RE0                               00000000
RE1                               00000001
RE2                               00000002
READ_WRITE                        00000002
RP0                               00000005
RP1                               00000006
RSEN                              00000001
RX9                               00000006
RX9D                              00000000
R_NOT_W                           00000002
R_W                               00000002
S                                 00000003
SAGAGIT                           00000023
SAGKONTROL                        0000002B
SEN                               00000000
MPASM 5.84                   SOLASAGAKAY.ASM   10-22-2019  22:20:55         PAGE  8


SYMBOL TABLE
  LABEL                             VALUE 

SMP                               00000007
SOLAGIT                           00000025
SOLKONTROL                        00000027
SOLSAG                            00000023
SPBRG                             00000099
SPEN                              00000007
SREN                              00000005
SSDON                             00000020
SSPADD                            00000093
SSPBUF                            00000013
SSPCON                            00000014
SSPCON2                           00000091
SSPEN                             00000005
SSPIE                             00000003
SSPIF                             00000003
SSPM0                             00000000
SSPM1                             00000001
SSPM2                             00000002
SSPM3                             00000003
SSPOV                             00000006
SSPSTAT                           00000094
STATUS                            00000003
SYNC                              00000004
T0CS                              00000005
T0IE                              00000005
T0IF                              00000002
T0SE                              00000004
T1CKPS0                           00000004
T1CKPS1                           00000005
T1CON                             00000010
T1INSYNC                          00000002
T1OSCEN                           00000003
T1SYNC                            00000002
T2CKPS0                           00000000
T2CKPS1                           00000001
T2CON                             00000012
TMR0                              00000001
TMR0IE                            00000005
TMR0IF                            00000002
TMR1                              0000000E
TMR1CS                            00000001
TMR1H                             0000000F
TMR1IE                            00000000
TMR1IF                            00000000
TMR1L                             0000000E
TMR1ON                            00000000
TMR2                              00000011
TMR2IE                            00000001
TMR2IF                            00000001
TMR2ON                            00000002
TOUTPS0                           00000003
TOUTPS1                           00000004
TOUTPS2                           00000005
MPASM 5.84                   SOLASAGAKAY.ASM   10-22-2019  22:20:55         PAGE  9


SYMBOL TABLE
  LABEL                             VALUE 

TOUTPS3                           00000006
TRISA                             00000085
TRISA0                            00000000
TRISA1                            00000001
TRISA2                            00000002
TRISA3                            00000003
TRISA4                            00000004
TRISA5                            00000005
TRISB                             00000086
TRISB0                            00000000
TRISB1                            00000001
TRISB2                            00000002
TRISB3                            00000003
TRISB4                            00000004
TRISB5                            00000005
TRISB6                            00000006
TRISB7                            00000007
TRISC                             00000087
TRISC0                            00000000
TRISC1                            00000001
TRISC2                            00000002
TRISC3                            00000003
TRISC4                            00000004
TRISC5                            00000005
TRISC6                            00000006
TRISC7                            00000007
TRISD                             00000088
TRISD0                            00000000
TRISD1                            00000001
TRISD2                            00000002
TRISD3                            00000003
TRISD4                            00000004
TRISD5                            00000005
TRISD6                            00000006
TRISD7                            00000007
TRISE                             00000089
TRISE0                            00000000
TRISE1                            00000001
TRISE2                            00000002
TRMT                              00000001
TX8_9                             00000006
TX9                               00000006
TX9D                              00000000
TXD8                              00000000
TXEN                              00000005
TXIE                              00000004
TXIF                              00000004
TXREG                             00000019
TXSTA                             00000098
UA                                00000001
W                                 00000000
WCOL                              00000007
WR                                00000001
MPASM 5.84                   SOLASAGAKAY.ASM   10-22-2019  22:20:55         PAGE 10


SYMBOL TABLE
  LABEL                             VALUE 

WREN                              00000002
WRERR                             00000003
YUKLE                             00000039
Z                                 00000002
_.org_1_0017                      00000017
_.org_1_0019                      00000019
_BODEN_OFF                        00003FBF
_BODEN_ON                         00003FFF
_BOREN_OFF                        00003FBF
_BOREN_ON                         00003FFF
_CONFIG                           00002007
_CPD_OFF                          00003FFF
_CPD_ON                           00003EFF
_CP_ALL                           00001FFF
_CP_OFF                           00003FFF
_CP_ON                            00001FFF
_DEBUG_OFF                        00003FFF
_DEBUG_ON                         000037FF
_DEVID1                           00002006
_FOSC_EXTRC                       00003FFF
_FOSC_HS                          00003FFE
_FOSC_LP                          00003FFC
_FOSC_XT                          00003FFD
_HS_OSC                           00003FFE
_IDLOC0                           00002000
_IDLOC1                           00002001
_IDLOC2                           00002002
_IDLOC3                           00002003
_LP_OSC                           00003FFC
_LVP_OFF                          00003F7F
_LVP_ON                           00003FFF
_PWRTE_OFF                        00003FFF
_PWRTE_ON                         00003FF7
_RC_OSC                           00003FFF
_WDTE_OFF                         00003FFB
_WDTE_ON                          00003FFF
_WDT_OFF                          00003FFB
_WDT_ON                           00003FFF
_WRT_1FOURTH                      00003BFF
_WRT_256                          00003DFF
_WRT_HALF                         000039FF
_WRT_OFF                          00003FFF
_XT_OSC                           00003FFD
__16F877A                         00000001
pclath_temp                       0000007F
status_temp                       0000007E
w_temp                            0000007D

Errors   :     0
Warnings :     0 reported,     0 suppressed
Messages :     3 reported,     0 suppressed

