MPASM 5.84                       ODEV2.2.ASM   11-2-2019  15:56:43         PAGE  1


LOC  OBJECT CODE     LINE SOURCE TEXT
  VALUE

                      00001 ;Gungor Hoca Kodlama Sablonu
                      00002         
Warning[205]: Found directive in column 1. (list)
                      00003 list            p=16f877A
                      00004 #include        <p16f877A.inc>
                      00001         LIST
                      00002 
                      00003 ;==========================================================================
                      00004 ; Build date : Mar 17 2019
                      00005 ;  MPASM PIC16F877A processor include
                      00006 ; 
                      00007 ;  (c) Copyright 1999-2019 Microchip Technology, All rights reserved
                      00008 ;==========================================================================
                      00009 
                      00567         LIST
                      00005         
Warning[205]: Found directive in column 1. (__CONFIG)
2007   3F31           00006 __CONFIG H'3F31'
                      00007         
                      00008 ;******************************************************************************
                      00009 ;Degiskenler
                      00010 
  00000020            00011 GECIKME1        EQU     0x20    ;Gecikme 1. Dongu Degiskeni
  00000021            00012 GECIKME2        EQU     0x21    ;Gecikme 2. Dongu Degiskeni
  00000022            00013 GECIKME3        EQU     0x22    ;Gecikme 3. Dongu Degiskeni
  00000023            00014 KONUM           EQU     0x23    ;Konum Bilgisini Tutma: 0 Dikey, 1 Yatay
                      00015 
                      00016 ;******************************************************************************
                      00017                 
Warning[205]: Found directive in column 1. (ORG)
                      00018 ORG     0x000                   ; Baslama Vektoru
                      00019 
Warning[203]: Found opcode in column 1. (nop)
0000   0000           00020 nop
Warning[203]: Found opcode in column 1. (goto)
0001   2???           00021 goto    BASLA                   ; BASLA Etiketine Git
                      00022 
                      00023 
                      00024 ;******************************************************************************
                      00025 ;Gecikme Alt Programi           
                      00026 
0002                  00027 GECIKME                         
0002   3008           00028         MOVLW   0x08
0003   00A0           00029         MOVWF   GECIKME1        
                      00030         
0004   3025           00031         MOVLW   0x25
0005   00A1           00032         MOVWF   GECIKME2
0006   3001           00033         MOVLW   0x01
0007   00A2           00034         MOVWF   GECIKME3
                      00035 
Warning[207]: Found label after column 1. (DONGU1)
0008                  00036     DONGU1
0008   0BA0           00037         DECFSZ  GECIKME1,1
MPASM 5.84                       ODEV2.2.ASM   11-2-2019  15:56:43         PAGE  2


LOC  OBJECT CODE     LINE SOURCE TEXT
  VALUE

0009   2???           00038         GOTO    $+2
000A   0BA1           00039         DECFSZ  GECIKME2,1
000B   2???           00040         GOTO    $+2
000C   0BA2           00041         DECFSZ  GECIKME3,1
000D   2???           00042         GOTO    DONGU1
                      00043         
000E   0000           00044         NOP
000F   0000           00045         NOP
0010   0000           00046         NOP     
0011   0008           00047         RETURN
                      00048 
                      00049 ;******************************************************************************
                      00050 ;Kaydirma Alt Programlari
                      00051         
0012                  00052 SAGAKAYMA
0012   1287           00053         BCF PORTC,5     ;5. bit clear
0013   1407           00054         BSF PORTC,0     ;0. bit set
0014   0008           00055         RETURN
                      00056         
0015                  00057 ASAGIKAYMA
0015   1386           00058         BCF PORTB,7     ;7. bit clear
0016   1406           00059         BSF PORTB,0     ;0. bit set
0017   0008           00060         RETURN
                      00061         
0018                  00062 YUKARIKAYMA
0018   1006           00063         BCF PORTB,0     ;0. bit clear
0019   1786           00064         BSF PORTB,7     ;7. bit set
001A   0008           00065         RETURN
                      00066         
001B                  00067 SOLAKAYMA
001B   1007           00068         BCF PORTC,0     ;0. bit clear
001C   1687           00069         BSF PORTC,5     ;5. bit set
001D   0008           00070         RETURN
                      00071 
                      00072 ;******************************************************************************
                      00073 ;Dondurme Alt Programlari
                      00074         
001E                  00075 DIKEYEDONDUR
001E   1806           00076         BTFSC   PORTB,0
001F   3043           00077         MOVLW   b'01000011'
0020   1886           00078         BTFSC   PORTB,1
0021   3007           00079         MOVLW   b'00000111'
0022   1906           00080         BTFSC   PORTB,2
0023   300E           00081         MOVLW   b'00001110'
0024   1986           00082         BTFSC   PORTB,3
0025   301C           00083         MOVLW   b'00011100'
0026   1A06           00084         BTFSC   PORTB,4
0027   3038           00085         MOVLW   b'00111000'
0028   1A86           00086         BTFSC   PORTB,5
0029   3070           00087         MOVLW   b'01110000'
002A   1B06           00088         BTFSC   PORTB,6
002B   3061           00089         MOVLW   b'01100001'
002C   0086           00090         MOVWF   PORTB
MPASM 5.84                       ODEV2.2.ASM   11-2-2019  15:56:43         PAGE  3


LOC  OBJECT CODE     LINE SOURCE TEXT
  VALUE

                      00091         
002D   1C07           00092         BTFSS   PORTC,0 ; C port kontrolleri
002E   2???           00093         GOTO    $+2
002F   1C87           00094         BTFSS   PORTC,1
0030   2???           00095         GOTO    $+2
0031   1D07           00096         BTFSS   PORTC,2
0032   2???           00097         GOTO    $+2
0033   3002           00098         MOVLW   b'00000010'
0034   1C87           00099         BTFSS   PORTC,1 
0035   2???           00100         GOTO    $+2
0036   1D07           00101         BTFSS   PORTC,2
0037   2???           00102         GOTO    $+2
0038   1D87           00103         BTFSS   PORTC,3
0039   2???           00104         GOTO    $+2
003A   3004           00105         MOVLW   b'00000100'
003B   1D07           00106         BTFSS   PORTC,2 
003C   2???           00107         GOTO    $+2
003D   1D87           00108         BTFSS   PORTC,3
003E   2???           00109         GOTO    $+2
003F   1E07           00110         BTFSS   PORTC,4
0040   2???           00111         GOTO    $+2
0041   3008           00112         MOVLW   b'00001000'
0042   1D87           00113         BTFSS   PORTC,3 ; 
0043   2???           00114         GOTO    $+2
0044   1E07           00115         BTFSS   PORTC,4
0045   2???           00116         GOTO    $+2
0046   1C07           00117         BTFSS   PORTC,0
0047   2???           00118         GOTO    $+2
0048   3010           00119         MOVLW   b'00010000'
0049   1E07           00120         BTFSS   PORTC,4 ; C port kontrolleri
004A   2???           00121         GOTO    $+2
004B   1C07           00122         BTFSS   PORTC,0
004C   2???           00123         GOTO    $+2
004D   1C87           00124         BTFSS   PORTC,1
004E   2???           00125         GOTO    $+2
004F   3001           00126         MOVLW   b'00000001'
0050   0087           00127         MOVWF   PORTC
0051   3000           00128         MOVLW   0X00
0052   00A3           00129         MOVWF   KONUM               ;konum dikey ayarlandi 0
0053   0008           00130         RETURN
                      00131         
0054                  00132 YATAYADONDUR
0054   1807           00133         BTFSC   PORTC,0
0055   3013           00134         MOVLW   b'00010011'
0056   1887           00135         BTFSC   PORTC,1
0057   3007           00136         MOVLW   b'00000111'
0058   1907           00137         BTFSC   PORTC,2
0059   300E           00138         MOVLW   b'00001110'
005A   1987           00139         BTFSC   PORTC,3
005B   301C           00140         MOVLW   b'00011100'
005C   1A07           00141         BTFSC   PORTC,4
005D   3019           00142         MOVLW   b'00011001'
005E   0087           00143         MOVWF   PORTC
MPASM 5.84                       ODEV2.2.ASM   11-2-2019  15:56:43         PAGE  4


LOC  OBJECT CODE     LINE SOURCE TEXT
  VALUE

                      00144         
005F   1C06           00145         BTFSS   PORTB,0 ; B port kontrolleri
0060   2???           00146         GOTO    $+2
0061   1C86           00147         BTFSS   PORTB,1
0062   2???           00148         GOTO    $+2
0063   1D06           00149         BTFSS   PORTB,2
0064   2???           00150         GOTO    $+2
0065   3002           00151         MOVLW   b'00000010'
0066   1C86           00152         BTFSS   PORTB,1 
0067   2???           00153         GOTO    $+2
0068   1D06           00154         BTFSS   PORTB,2
0069   2???           00155         GOTO    $+2
006A   1D86           00156         BTFSS   PORTB,3
006B   2???           00157         GOTO    $+2
006C   3004           00158         MOVLW   b'00000100'
006D   1D06           00159         BTFSS   PORTB,2 
006E   2???           00160         GOTO    $+2
006F   1D86           00161         BTFSS   PORTB,3
0070   2???           00162         GOTO    $+2
0071   1E06           00163         BTFSS   PORTB,4
0072   2???           00164         GOTO    $+2
0073   3008           00165         MOVLW   b'00001000'
0074   1D86           00166         BTFSS   PORTB,3 ; 
0075   2???           00167         GOTO    $+2
0076   1E06           00168         BTFSS   PORTB,4
0077   2???           00169         GOTO    $+2
0078   1E86           00170         BTFSS   PORTB,5
0079   2???           00171         GOTO    $+2
007A   3010           00172         MOVLW   b'00010000'
007B   1E06           00173         BTFSS   PORTB,4 ; 
007C   2???           00174         GOTO    $+2
007D   1E86           00175         BTFSS   PORTB,5
007E   2???           00176         GOTO    $+2
007F   1F06           00177         BTFSS   PORTB,6
0080   2???           00178         GOTO    $+2
0081   3020           00179         MOVLW   b'00100000'
0082   1E86           00180         BTFSS   PORTB,5 ; 
0083   2???           00181         GOTO    $+2
0084   1F06           00182         BTFSS   PORTB,6
0085   2???           00183         GOTO    $+2
0086   1C06           00184         BTFSS   PORTB,0
0087   2???           00185         GOTO    $+2
0088   3040           00186         MOVLW   b'01000000'
0089   1F06           00187         BTFSS   PORTB,6 ; 
008A   2???           00188         GOTO    $+2
008B   1C06           00189         BTFSS   PORTB,0
008C   2???           00190         GOTO    $+2
008D   1C86           00191         BTFSS   PORTB,1
008E   2???           00192         GOTO    $+2
008F   3001           00193         MOVLW   b'00000001'
0090   0086           00194         MOVWF   PORTB
0091   3001           00195         MOVLW   0X01
0092   00A3           00196         MOVWF   KONUM               ;konum yatay ayarlandi 1
MPASM 5.84                       ODEV2.2.ASM   11-2-2019  15:56:43         PAGE  5


LOC  OBJECT CODE     LINE SOURCE TEXT
  VALUE

0093   0008           00197         RETURN
                      00198 
                      00199 ;******************************************************************************
                      00200 ;Baslangic
                      00201         
0094                  00202 BASLA
0094   0183           00203         CLRF STATUS
                      00204         ;en agirliksiz set edildi 01.banka gecildi
0095   1683           00205         BSF     STATUS,RP0
                      00206         
                      00207         ;varsayilan adc pasifleme
0096   3006           00208         MOVLW   0X06    
Message[302]: Register in operand not in bank 0.  Ensure that bank bits are correct.
0097   009F           00209         MOVWF   ADCON1
                      00210         
                      00211         ; port a'nin giris cikislarini ayarlama
0098   300F           00212         MOVLW   b'00001111'
Message[302]: Register in operand not in bank 0.  Ensure that bank bits are correct.
0099   0085           00213         MOVWF   TRISA           
                      00214         
                      00215         ; port b'nin giris cikislarini ayarlama
009A   3000           00216         MOVLW   0X00    
Message[302]: Register in operand not in bank 0.  Ensure that bank bits are correct.
009B   0086           00217         MOVWF   TRISB               
                      00218         
                      00219         ; port c'nin giris cikislarini ayarlama
009C   3000           00220         MOVLW   0X00
Message[302]: Register in operand not in bank 0.  Ensure that bank bits are correct.
009D   0087           00221         MOVWF   TRISC   
                      00222         
                      00223         ;en agirliksiz clear edildi portlar icin 00.banka gecildi
009E   1283           00224         BCF     STATUS,RP0      
                      00225         
                      00226         ;port a, b ve c icini temizleme
009F   0185           00227         CLRF    PORTA
00A0   0186           00228         CLRF    PORTB
00A1   0187           00229         CLRF    PORTC
                      00230         
                      00231         ;pull-up oldugundan girislere 1 yukle
00A2   300F           00232         MOVLW   b'00001111'         ; PORT A 'YI BASTA 00000000 YAP
00A3   0085           00233         MOVWF   PORTA
                      00234 
                      00235 
00A4                  00236 BASLANGIC
                      00237         ;ilk durum
00A4   301C           00238         MOVLW   b'00011100'         
00A5   0086           00239         MOVWF   PORTB
00A6   3004           00240         MOVLW   b'00000100'         
00A7   0087           00241         MOVWF   PORTC
                      00242         
00A8   3000           00243         MOVLW   0X00
00A9   00A3           00244         MOVWF   KONUM               ;konum 0 (dikey) ayarlandi
                      00245         
MPASM 5.84                       ODEV2.2.ASM   11-2-2019  15:56:43         PAGE  6


LOC  OBJECT CODE     LINE SOURCE TEXT
  VALUE

                      00246         ;baslangicta butonlari dinleme
00AA   1C05           00247         BTFSS   PORTA,0         
00AB   2???           00248         GOTO    A0.SAG
00AC   1C85           00249         BTFSS   PORTA,1         
00AD   2???           00250         GOTO    A1.ASAGI
00AE   1D05           00251         BTFSS   PORTA,2         
00AF   2???           00252         GOTO    A2.YUKARI
00B0   1D85           00253         BTFSS   PORTA,3         
00B1   2???           00254         GOTO    A3.SOL
                      00255         
00B2   2???           00256         GOTO    BASLANGIC
                      00257         
                      00258 ;******************************************************************************
                      00259 ;Butona basilma durumlari
                      00260 
                      00261         
00B3                  00262 A0.SAG; A0 SAG BUTONA BASILMASI DURUMU *****************************
                      00263         
00B3   2???           00264         CALL GECIKME
                      00265         
00B4   1C23           00266         BTFSS   KONUM,0 ;KONUM 1(YATAY) ?SE ATLA
00B5   2???           00267         CALL YATAYADONDUR
00B6   1003           00268         BCF STATUS,0 ;sorun olmamasi icin status c biti 0'la
Message[305]: Using default destination of 1 (file).
00B7   0D87           00269         RLF PORTC
00B8   1A87           00270         BTFSC   PORTC,5
00B9   2???           00271         CALL SAGAKAYMA
                      00272         
                      00273         
                      00274         ;buton dinleme
00BA   1C05           00275         BTFSS   PORTA,0         
00BB   2???           00276         GOTO    A0.SAG
00BC   1C85           00277         BTFSS   PORTA,1         
00BD   2???           00278         GOTO    A1.ASAGI
00BE   1D05           00279         BTFSS   PORTA,2         
00BF   2???           00280         GOTO    A2.YUKARI
00C0   1D85           00281         BTFSS   PORTA,3         
00C1   2???           00282         GOTO    A3.SOL
                      00283         ;;;;;;;;;;;;;;;
                      00284         
00C2   2???           00285         GOTO A0.SAG
                      00286 
00C3                  00287 A1.ASAGI; A1 ASAGI BUTONA BASILMASI DURUMU *****************************
                      00288         
00C3   2???           00289         CALL GECIKME
                      00290         
00C4   1823           00291         BTFSC   KONUM,0 ;KONUM 0(DIKEY) ?SE ATLA
00C5   2???           00292         CALL DIKEYEDONDUR
00C6   1003           00293         BCF STATUS,0 ;sorun olmamasi icin status c biti 0'la
Message[305]: Using default destination of 1 (file).
00C7   0D86           00294         RLF PORTB
00C8   1B86           00295         BTFSC   PORTB,7 ;kaydirdiktan sonra son biti kontrol ediyoruz 1 ise kaydirma alt programi
00C9   2???           00296         CALL ASAGIKAYMA 
MPASM 5.84                       ODEV2.2.ASM   11-2-2019  15:56:43         PAGE  7


LOC  OBJECT CODE     LINE SOURCE TEXT
  VALUE

                      00297         
                      00298         ;buton dinleme
00CA   1C05           00299         BTFSS   PORTA,0         
00CB   2???           00300         GOTO    A0.SAG
00CC   1C85           00301         BTFSS   PORTA,1         
00CD   2???           00302         GOTO    A1.ASAGI
00CE   1D05           00303         BTFSS   PORTA,2         
00CF   2???           00304         GOTO    A2.YUKARI
00D0   1D85           00305         BTFSS   PORTA,3         
00D1   2???           00306         GOTO    A3.SOL
                      00307         ;;;;;;;;;;;;;;;
                      00308         
00D2   2???           00309         GOTO A1.ASAGI
                      00310 
00D3                  00311 A2.YUKARI; A2 YUKARI BUTONA BASILMASI DURUMU *****************************
                      00312         
00D3   2???           00313         CALL GECIKME
                      00314         
00D4   1823           00315         BTFSC   KONUM,0 ;KONUM 0(DIKEY) ?SE ATLA
00D5   2???           00316         CALL DIKEYEDONDUR
00D6   1003           00317         BCF STATUS,0 ;sorun olmamasi icin status c biti 0'la
00D7   1806           00318         BTFSC PORTB,0 ;ilk biti kontrol ediyoruz 1 ise kaydirma alt programi
00D8   2???           00319         CALL YUKARIKAYMA
Message[305]: Using default destination of 1 (file).
00D9   0C86           00320         RRF PORTB
                      00321         
                      00322         
                      00323         ;buton dinleme
00DA   1C05           00324         BTFSS   PORTA,0         
00DB   2???           00325         GOTO    A0.SAG
00DC   1C85           00326         BTFSS   PORTA,1         
00DD   2???           00327         GOTO    A1.ASAGI
00DE   1D05           00328         BTFSS   PORTA,2         
00DF   2???           00329         GOTO    A2.YUKARI
00E0   1D85           00330         BTFSS   PORTA,3         
00E1   2???           00331         GOTO    A3.SOL
                      00332         ;;;;;;;;;;;;;;;
                      00333         
00E2   2???           00334         GOTO A2.YUKARI
                      00335         
00E3                  00336 A3.SOL; A3 SOL BUTONA BASILMASI DURUMU *****************************
                      00337         
00E3   2???           00338         CALL GECIKME
                      00339         
00E4   1C23           00340         BTFSS   KONUM,0 ;KONUM 1(YATAY) ?SE ATLA
00E5   2???           00341         CALL YATAYADONDUR
00E6   1003           00342         BCF STATUS,0 ;sorun olmamasi icin status c biti 0'la
00E7   1807           00343         BTFSC   PORTC,0
00E8   2???           00344         CALL SOLAKAYMA
Message[305]: Using default destination of 1 (file).
00E9   0C87           00345         RRF PORTC
                      00346         
                      00347         
MPASM 5.84                       ODEV2.2.ASM   11-2-2019  15:56:43         PAGE  8


LOC  OBJECT CODE     LINE SOURCE TEXT
  VALUE

                      00348         ;buton dinleme
00EA   1C05           00349         BTFSS   PORTA,0         
00EB   2???           00350         GOTO    A0.SAG
00EC   1C85           00351         BTFSS   PORTA,1         
00ED   2???           00352         GOTO    A1.ASAGI
00EE   1D05           00353         BTFSS   PORTA,2         
00EF   2???           00354         GOTO    A2.YUKARI
00F0   1D85           00355         BTFSS   PORTA,3         
00F1   2???           00356         GOTO    A3.SOL
                      00357         ;;;;;;;;;;;;;;;
                      00358         
00F2   2???           00359         GOTO A3.SOL
                      00360 
Warning[205]: Found directive in column 1. (END)
3F31                  00361 END                       ; Program sonu
MPASM 5.84                       ODEV2.2.ASM   11-2-2019  15:56:43         PAGE  9


SYMBOL TABLE
  LABEL                             VALUE 

A0.SAG                            000000B3
A1.ASAGI                          000000C3
A2.YUKARI                         000000D3
A3.SOL                            000000E3
ACKDT                             00000005
ACKEN                             00000004
ACKSTAT                           00000006
ADCON0                            0000001F
ADCON1                            0000009F
ADCS0                             00000006
ADCS1                             00000007
ADCS2                             00000006
ADDEN                             00000003
ADFM                              00000007
ADIE                              00000006
ADIF                              00000006
ADON                              00000000
ADRESH                            0000001E
ADRESL                            0000009E
ASAGIKAYMA                        00000015
BASLA                             00000094
BASLANGIC                         000000A4
BCLIE                             00000003
BCLIF                             00000003
BF                                00000000
BRGH                              00000002
C                                 00000000
C1INV                             00000004
C1OUT                             00000006
C2INV                             00000005
C2OUT                             00000007
CCP1CON                           00000017
CCP1IE                            00000002
CCP1IF                            00000002
CCP1M0                            00000000
CCP1M1                            00000001
CCP1M2                            00000002
CCP1M3                            00000003
CCP1X                             00000005
CCP1Y                             00000004
CCP2CON                           0000001D
CCP2IE                            00000000
CCP2IF                            00000000
CCP2M0                            00000000
CCP2M1                            00000001
CCP2M2                            00000002
CCP2M3                            00000003
CCP2X                             00000005
CCP2Y                             00000004
CCPR1                             00000015
CCPR1H                            00000016
CCPR1L                            00000015
CCPR2                             0000001B
MPASM 5.84                       ODEV2.2.ASM   11-2-2019  15:56:43         PAGE 10


SYMBOL TABLE
  LABEL                             VALUE 

CCPR2H                            0000001C
CCPR2L                            0000001B
CHS0                              00000003
CHS1                              00000004
CHS2                              00000005
CIS                               00000003
CKE                               00000006
CKP                               00000004
CM0                               00000000
CM1                               00000001
CM2                               00000002
CMCON                             0000009C
CMIE                              00000006
CMIF                              00000006
CREN                              00000004
CSRC                              00000007
CVR0                              00000000
CVR1                              00000001
CVR2                              00000002
CVR3                              00000003
CVRCON                            0000009D
CVREN                             00000007
CVROE                             00000006
CVRR                              00000005
D                                 00000005
DATA_ADDRESS                      00000005
DC                                00000001
DIKEYEDONDUR                      0000001E
DONGU1                            00000008
D_A                               00000005
D_NOT_A                           00000005
EEADR                             0000010D
EEADRH                            0000010F
EECON1                            0000018C
EECON2                            0000018D
EEDATA                            0000010C
EEDATH                            0000010E
EEIE                              00000004
EEIF                              00000004
EEPGD                             00000007
F                                 00000001
FERR                              00000002
FSR                               00000004
GCEN                              00000007
GECIKME                           00000002
GECIKME1                          00000020
GECIKME2                          00000021
GECIKME3                          00000022
GIE                               00000007
GO                                00000002
GO_DONE                           00000002
GO_NOT_DONE                       00000002
I2C_DATA                          00000005
MPASM 5.84                       ODEV2.2.ASM   11-2-2019  15:56:43         PAGE 11


SYMBOL TABLE
  LABEL                             VALUE 

I2C_READ                          00000002
I2C_START                         00000003
I2C_STOP                          00000004
IBF                               00000007
IBOV                              00000005
INDF                              00000000
INTCON                            0000000B
INTE                              00000004
INTEDG                            00000006
INTF                              00000001
IRP                               00000007
KONUM                             00000023
NOT_A                             00000005
NOT_ADDRESS                       00000005
NOT_BO                            00000000
NOT_BOR                           00000000
NOT_DONE                          00000002
NOT_PD                            00000003
NOT_POR                           00000001
NOT_RBPU                          00000007
NOT_RC8                           00000006
NOT_T1SYNC                        00000002
NOT_TO                            00000004
NOT_TX8                           00000006
NOT_W                             00000002
NOT_WRITE                         00000002
OBF                               00000006
OERR                              00000001
OPTION_REG                        00000081
P                                 00000004
PCFG0                             00000000
PCFG1                             00000001
PCFG2                             00000002
PCFG3                             00000003
PCL                               00000002
PCLATH                            0000000A
PCON                              0000008E
PEIE                              00000006
PEN                               00000002
PIE1                              0000008C
PIE2                              0000008D
PIR1                              0000000C
PIR2                              0000000D
PORTA                             00000005
PORTB                             00000006
PORTC                             00000007
PORTD                             00000008
PORTE                             00000009
PR2                               00000092
PS0                               00000000
PS1                               00000001
PS2                               00000002
PSA                               00000003
MPASM 5.84                       ODEV2.2.ASM   11-2-2019  15:56:43         PAGE 12


SYMBOL TABLE
  LABEL                             VALUE 

PSPIE                             00000007
PSPIF                             00000007
PSPMODE                           00000004
R                                 00000002
RA0                               00000000
RA1                               00000001
RA2                               00000002
RA3                               00000003
RA4                               00000004
RA5                               00000005
RB0                               00000000
RB1                               00000001
RB2                               00000002
RB3                               00000003
RB4                               00000004
RB5                               00000005
RB6                               00000006
RB7                               00000007
RBIE                              00000003
RBIF                              00000000
RC0                               00000000
RC1                               00000001
RC2                               00000002
RC3                               00000003
RC4                               00000004
RC5                               00000005
RC6                               00000006
RC7                               00000007
RC8_9                             00000006
RC9                               00000006
RCD8                              00000000
RCEN                              00000003
RCIE                              00000005
RCIF                              00000005
RCREG                             0000001A
RCSTA                             00000018
RD                                00000000
RD0                               00000000
RD1                               00000001
RD2                               00000002
RD3                               00000003
RD4                               00000004
RD5                               00000005
RD6                               00000006
RD7                               00000007
RE0                               00000000
RE1                               00000001
RE2                               00000002
READ_WRITE                        00000002
RP0                               00000005
RP1                               00000006
RSEN                              00000001
RX9                               00000006
MPASM 5.84                       ODEV2.2.ASM   11-2-2019  15:56:43         PAGE 13


SYMBOL TABLE
  LABEL                             VALUE 

RX9D                              00000000
R_NOT_W                           00000002
R_W                               00000002
S                                 00000003
SAGAKAYMA                         00000012
SEN                               00000000
SMP                               00000007
SOLAKAYMA                         0000001B
SPBRG                             00000099
SPEN                              00000007
SREN                              00000005
SSPADD                            00000093
SSPBUF                            00000013
SSPCON                            00000014
SSPCON2                           00000091
SSPEN                             00000005
SSPIE                             00000003
SSPIF                             00000003
SSPM0                             00000000
SSPM1                             00000001
SSPM2                             00000002
SSPM3                             00000003
SSPOV                             00000006
SSPSTAT                           00000094
STATUS                            00000003
SYNC                              00000004
T0CS                              00000005
T0IE                              00000005
T0IF                              00000002
T0SE                              00000004
T1CKPS0                           00000004
T1CKPS1                           00000005
T1CON                             00000010
T1INSYNC                          00000002
T1OSCEN                           00000003
T1SYNC                            00000002
T2CKPS0                           00000000
T2CKPS1                           00000001
T2CON                             00000012
TMR0                              00000001
TMR0IE                            00000005
TMR0IF                            00000002
TMR1                              0000000E
TMR1CS                            00000001
TMR1H                             0000000F
TMR1IE                            00000000
TMR1IF                            00000000
TMR1L                             0000000E
TMR1ON                            00000000
TMR2                              00000011
TMR2IE                            00000001
TMR2IF                            00000001
TMR2ON                            00000002
MPASM 5.84                       ODEV2.2.ASM   11-2-2019  15:56:43         PAGE 14


SYMBOL TABLE
  LABEL                             VALUE 

TOUTPS0                           00000003
TOUTPS1                           00000004
TOUTPS2                           00000005
TOUTPS3                           00000006
TRISA                             00000085
TRISA0                            00000000
TRISA1                            00000001
TRISA2                            00000002
TRISA3                            00000003
TRISA4                            00000004
TRISA5                            00000005
TRISB                             00000086
TRISB0                            00000000
TRISB1                            00000001
TRISB2                            00000002
TRISB3                            00000003
TRISB4                            00000004
TRISB5                            00000005
TRISB6                            00000006
TRISB7                            00000007
TRISC                             00000087
TRISC0                            00000000
TRISC1                            00000001
TRISC2                            00000002
TRISC3                            00000003
TRISC4                            00000004
TRISC5                            00000005
TRISC6                            00000006
TRISC7                            00000007
TRISD                             00000088
TRISD0                            00000000
TRISD1                            00000001
TRISD2                            00000002
TRISD3                            00000003
TRISD4                            00000004
TRISD5                            00000005
TRISD6                            00000006
TRISD7                            00000007
TRISE                             00000089
TRISE0                            00000000
TRISE1                            00000001
TRISE2                            00000002
TRMT                              00000001
TX8_9                             00000006
TX9                               00000006
TX9D                              00000000
TXD8                              00000000
TXEN                              00000005
TXIE                              00000004
TXIF                              00000004
TXREG                             00000019
TXSTA                             00000098
UA                                00000001
MPASM 5.84                       ODEV2.2.ASM   11-2-2019  15:56:43         PAGE 15


SYMBOL TABLE
  LABEL                             VALUE 

W                                 00000000
WCOL                              00000007
WR                                00000001
WREN                              00000002
WRERR                             00000003
YATAYADONDUR                      00000054
YUKARIKAYMA                       00000018
Z                                 00000002
_.org_0_0009                      00000009
_.org_0_000B                      0000000B
_.org_0_002E                      0000002E
_.org_0_0030                      00000030
_.org_0_0032                      00000032
_.org_0_0035                      00000035
_.org_0_0037                      00000037
_.org_0_0039                      00000039
_.org_0_003C                      0000003C
_.org_0_003E                      0000003E
_.org_0_0040                      00000040
_.org_0_0043                      00000043
_.org_0_0045                      00000045
_.org_0_0047                      00000047
_.org_0_004A                      0000004A
_.org_0_004C                      0000004C
_.org_0_004E                      0000004E
_.org_0_0060                      00000060
_.org_0_0062                      00000062
_.org_0_0064                      00000064
_.org_0_0067                      00000067
_.org_0_0069                      00000069
_.org_0_006B                      0000006B
_.org_0_006E                      0000006E
_.org_0_0070                      00000070
_.org_0_0072                      00000072
_.org_0_0075                      00000075
_.org_0_0077                      00000077
_.org_0_0079                      00000079
_.org_0_007C                      0000007C
_.org_0_007E                      0000007E
_.org_0_0080                      00000080
_.org_0_0083                      00000083
_.org_0_0085                      00000085
_.org_0_0087                      00000087
_.org_0_008A                      0000008A
_.org_0_008C                      0000008C
_.org_0_008E                      0000008E
_BODEN_OFF                        00003FBF
_BODEN_ON                         00003FFF
_BOREN_OFF                        00003FBF
_BOREN_ON                         00003FFF
_CONFIG                           00002007
_CPD_OFF                          00003FFF
_CPD_ON                           00003EFF
MPASM 5.84                       ODEV2.2.ASM   11-2-2019  15:56:43         PAGE 16


SYMBOL TABLE
  LABEL                             VALUE 

_CP_ALL                           00001FFF
_CP_OFF                           00003FFF
_CP_ON                            00001FFF
_DEBUG_OFF                        00003FFF
_DEBUG_ON                         000037FF
_DEVID1                           00002006
_FOSC_EXTRC                       00003FFF
_FOSC_HS                          00003FFE
_FOSC_LP                          00003FFC
_FOSC_XT                          00003FFD
_HS_OSC                           00003FFE
_IDLOC0                           00002000
_IDLOC1                           00002001
_IDLOC2                           00002002
_IDLOC3                           00002003
_LP_OSC                           00003FFC
_LVP_OFF                          00003F7F
_LVP_ON                           00003FFF
_PWRTE_OFF                        00003FFF
_PWRTE_ON                         00003FF7
_RC_OSC                           00003FFF
_WDTE_OFF                         00003FFB
_WDTE_ON                          00003FFF
_WDT_OFF                          00003FFB
_WDT_ON                           00003FFF
_WRT_1FOURTH                      00003BFF
_WRT_256                          00003DFF
_WRT_HALF                         000039FF
_WRT_OFF                          00003FFF
_XT_OSC                           00003FFD
__16F877A                         00000001
__DEBUG                           
__MPLAB_DEBUGGER_SIMULATOR        1

Errors   :     0
Warnings :     7 reported,     0 suppressed
Messages :     8 reported,     0 suppressed

