MPASM 5.84                 RA_BUT_RB_LED.ASM   10-22-2019  22:21:35         PAGE  1


LOC  OBJECT CODE     LINE SOURCE TEXT
  VALUE

                      00001 ; Bu ornekte RA da 0-5 aras? hangi butona bas?lm?s ise RB de o led yanacak
                      00002 ; RA 'lar?n varsay?lan olarak Analog oldu?unu unutmay?n
                      00003 ; PORT A 6 bitlik buffer-supported bir porttur
                      00004 ; Comparator ozelligi bulunmaktad?r
                      00005 ; RA4 ST (h?zl?, 1 volt alt? 0, üstü 1, tabi 5V VDD icin) iken di?erleri TTL (karars?z bolge var) dir
                      00006         
                      00007 ; NOT!! BU ORNEKTE PULL-UP AKT?F YAN? RA LARA 5 V GEL?YOR. BUTONA BASINCA 0 GEL?R. (PULL-DOWN TAM TERS?)
                      00008         
                      00009 
                      00010         list            p=16f877A       ; hangi pic
                      00011         #include        <p16f877A.inc>  ; SFR register 'lar?n tan?mland??? kutuphane
                      00001         LIST
                      00002 
                      00003 ;==========================================================================
                      00004 ; Build date : Mar 17 2019
                      00005 ;  MPASM PIC16F877A processor include
                      00006 ; 
                      00007 ;  (c) Copyright 1999-2019 Microchip Technology, All rights reserved
                      00008 ;==========================================================================
                      00009 
                      00567         LIST
                      00012         
2007   3F31           00013         __CONFIG H'3F31'
                      00014 
                      00015 ; WDT, ossilatör gibi register ayarlar?
                      00016 
                      00017         
                      00018 ;KULLANILACAK DEGISKENLER
                      00019 
  00000020            00020 GECIKME1        EQU     0x20    ;GEC?KME 1. DONGU
  00000021            00021 GECIKME2        EQU     0x21    ;GECIKME 2. DONGU
  00000022            00022 GECIKME3        EQU     0x22    ;GECIKME 3.DONGU
                      00023 
                      00024 
                      00025 ;***** Kesme durumunda kaydedilmesi gereken SFR ler icin kullanilacak yardimci degiskenler
  0000007D            00026 w_temp          EQU     0x7D            
  0000007E            00027 status_temp     EQU     0x7E            
  0000007F            00028 pclath_temp     EQU     0x7F                                    
                      00029 
                      00030 
                      00031 
                      00032 
                      00033 
                      00034 
                      00035 ;********************************************************************************************
                      00036         ORG     0x000                   ; Baslama vektoru
                      00037 
0000   0000           00038         nop                                                     ; ICD ozelliginin aktif edilmesi icin ge
                            reken bekleme 
0001   2???           00039         goto    BASLA                   ; baslama etiketine gir
                      00040 
                      00041         
                      00042 ;**********************************************************************************************
MPASM 5.84                 RA_BUT_RB_LED.ASM   10-22-2019  22:21:35         PAGE  2


LOC  OBJECT CODE     LINE SOURCE TEXT
  VALUE

                      00043         ORG     0x004                   ; kesme vektoru
                      00044 
0004   00FD           00045         movwf   w_temp                  ; W n?n yedegini al
0005   0803           00046         movf    STATUS,w                ; Status un yedegini almak icin onu once W ya al
0006   00FE           00047         movwf   status_temp             ; Status u yedek register '?na al
0007   080A           00048         movf    PCLATH,w                        ; PCLATH '? yedeklemek icin onu once W 'ya al
0008   00FF           00049         movwf   pclath_temp                     ; PCLATH '? yedek register a al
                      00050 
                      00051         ; gerekli kodlar
                      00052 
0009   087F           00053         movf    pclath_temp,w           ; Geri donmeden once tum yedekleri geri yukle
000A   008A           00054         movwf   PCLATH                          
000B   087E           00055         movf    status_temp,w           
000C   0083           00056         movwf   STATUS                  
000D   0EFD           00057         swapf   w_temp,f
000E   0E7D           00058         swapf   w_temp,w                
000F   0009           00059         retfie                          ; Kesme 'den don
                      00060 ;***********************************************************************************************
                      00061         
                      00062         
                      00063         
                      00064 ;*********************************TMR SIZ 1SN DELAY ******************************
                      00065 
0010                  00066 GECIKME                         ; (herbir komut 4mhz de 1mikrosn) = 1 sn GEC?KME (yakla??k)
0010   3008           00067         MOVLW   0x08
0011   00A0           00068         MOVWF   GECIKME1        
                      00069         
0012   302F           00070         MOVLW   0x2F
0013   00A1           00071         MOVWF   GECIKME2
0014   3003           00072         MOVLW   0x03
0015   00A2           00073         MOVWF   GECIKME3
0016                  00074 DONGU1
0016   0BA0           00075         DECFSZ  GECIKME1,1
0017   2???           00076         GOTO    $+2
0018   0BA1           00077         DECFSZ  GECIKME2,1
0019   2???           00078         GOTO    $+2
001A   0BA2           00079         DECFSZ  GECIKME3,1
001B   2???           00080         GOTO    DONGU1
                      00081         
001C   0000           00082         NOP
001D   0000           00083         NOP
001E   0000           00084         NOP     
001F   0008           00085         RETURN
                      00086 ;*******************************************************************************************************
                            *********
                      00087 
0020                  00088 PORTA_AYARLA
0020   1683 1303      00089         BANKSEL TRISA
0022   3006           00090         MOVLW   0x06
Message[302]: Register in operand not in bank 0.  Ensure that bank bits are correct.
0023   009F           00091         MOVWF   ADCON1          ; ADC PAS?F
0024   303F           00092         MOVLW   b'00111111'     ; RA0-5 G?R??
Message[302]: Register in operand not in bank 0.  Ensure that bank bits are correct.
MPASM 5.84                 RA_BUT_RB_LED.ASM   10-22-2019  22:21:35         PAGE  3


LOC  OBJECT CODE     LINE SOURCE TEXT
  VALUE

0025   0085           00093         MOVWF   TRISA
0026   1283           00094         BCF     STATUS,RP0      ; TEKRAR BANK0 A GEC
0027   0008           00095         RETURN
                      00096         
0028                  00097 PORTB_AYARLA
0028   1683 1303      00098         BANKSEL TRISB
Message[302]: Register in operand not in bank 0.  Ensure that bank bits are correct.
002A   0186           00099         CLRF    TRISB
002B   1283 1303      00100         BANKSEL PORTB
002D   0186           00101         CLRF    PORTB
002E   0008           00102         RETURN
002F                  00103 BASLA
002F   2???           00104         CALL    PORTA_AYARLA
0030   2???           00105         CALL    PORTB_AYARLA
                      00106         
0031                  00107 KONTROL 
0031   1C05           00108         BTFSS   PORTA,0         ;UNUTMA! PULL-UP CALISILIYOR
0032   2???           00109         GOTO    YAK_0
0033   1C85           00110         BTFSS   PORTA,1         
0034   2???           00111         GOTO    YAK_1
0035   1D05           00112         BTFSS   PORTA,2         
0036   2???           00113         GOTO    YAK_2
0037   1D85           00114         BTFSS   PORTA,3         
0038   2???           00115         GOTO    YAK_3
0039   1E05           00116         BTFSS   PORTA,4         
003A   2???           00117         GOTO    YAK_4
003B   1E85           00118         BTFSS   PORTA,5         
003C   2???           00119         GOTO    YAK_5
003D   2???           00120         GOTO    KONTROL
                      00121         
003E                  00122 YAK_0
003E   3001           00123         MOVLW   b'00000001'
003F   0086           00124         MOVWF   PORTB
0040   2???           00125         GOTO    TEKRAR
0041                  00126 YAK_1
0041   3002           00127         MOVLW   b'00000010'
0042   0086           00128         MOVWF   PORTB
0043   2???           00129         GOTO    TEKRAR
0044                  00130 YAK_2
0044   3004           00131         MOVLW   b'00000100'
0045   0086           00132         MOVWF   PORTB
0046   2???           00133         GOTO    TEKRAR
0047                  00134 YAK_3
0047   3008           00135         MOVLW   b'00001000'
0048   0086           00136         MOVWF   PORTB
0049   2???           00137         GOTO    TEKRAR
                      00138 
004A                  00139 YAK_4
004A   3010           00140         MOVLW   b'00010000'
004B   0086           00141         MOVWF   PORTB
004C   2???           00142         GOTO    TEKRAR
                      00143         
004D                  00144 YAK_5
MPASM 5.84                 RA_BUT_RB_LED.ASM   10-22-2019  22:21:35         PAGE  4


LOC  OBJECT CODE     LINE SOURCE TEXT
  VALUE

004D   3020           00145         MOVLW   b'00100000'
004E   0086           00146         MOVWF   PORTB
004F   2???           00147         GOTO    TEKRAR
                      00148         
                      00149 
0050                  00150 TEKRAR
0050   2???           00151         GOTO KONTROL
                      00152         
3F31                  00153         END                       ; Program sonu
MPASM 5.84                 RA_BUT_RB_LED.ASM   10-22-2019  22:21:35         PAGE  5


SYMBOL TABLE
  LABEL                             VALUE 

ACKDT                             00000005
ACKEN                             00000004
ACKSTAT                           00000006
ADCON0                            0000001F
ADCON1                            0000009F
ADCS0                             00000006
ADCS1                             00000007
ADCS2                             00000006
ADDEN                             00000003
ADFM                              00000007
ADIE                              00000006
ADIF                              00000006
ADON                              00000000
ADRESH                            0000001E
ADRESL                            0000009E
BASLA                             0000002F
BCLIE                             00000003
BCLIF                             00000003
BF                                00000000
BRGH                              00000002
C                                 00000000
C1INV                             00000004
C1OUT                             00000006
C2INV                             00000005
C2OUT                             00000007
CCP1CON                           00000017
CCP1IE                            00000002
CCP1IF                            00000002
CCP1M0                            00000000
CCP1M1                            00000001
CCP1M2                            00000002
CCP1M3                            00000003
CCP1X                             00000005
CCP1Y                             00000004
CCP2CON                           0000001D
CCP2IE                            00000000
CCP2IF                            00000000
CCP2M0                            00000000
CCP2M1                            00000001
CCP2M2                            00000002
CCP2M3                            00000003
CCP2X                             00000005
CCP2Y                             00000004
CCPR1                             00000015
CCPR1H                            00000016
CCPR1L                            00000015
CCPR2                             0000001B
CCPR2H                            0000001C
CCPR2L                            0000001B
CHS0                              00000003
CHS1                              00000004
CHS2                              00000005
CIS                               00000003
MPASM 5.84                 RA_BUT_RB_LED.ASM   10-22-2019  22:21:35         PAGE  6


SYMBOL TABLE
  LABEL                             VALUE 

CKE                               00000006
CKP                               00000004
CM0                               00000000
CM1                               00000001
CM2                               00000002
CMCON                             0000009C
CMIE                              00000006
CMIF                              00000006
CREN                              00000004
CSRC                              00000007
CVR0                              00000000
CVR1                              00000001
CVR2                              00000002
CVR3                              00000003
CVRCON                            0000009D
CVREN                             00000007
CVROE                             00000006
CVRR                              00000005
D                                 00000005
DATA_ADDRESS                      00000005
DC                                00000001
DONGU1                            00000016
D_A                               00000005
D_NOT_A                           00000005
EEADR                             0000010D
EEADRH                            0000010F
EECON1                            0000018C
EECON2                            0000018D
EEDATA                            0000010C
EEDATH                            0000010E
EEIE                              00000004
EEIF                              00000004
EEPGD                             00000007
F                                 00000001
FERR                              00000002
FSR                               00000004
GCEN                              00000007
GECIKME                           00000010
GECIKME1                          00000020
GECIKME2                          00000021
GECIKME3                          00000022
GIE                               00000007
GO                                00000002
GO_DONE                           00000002
GO_NOT_DONE                       00000002
I2C_DATA                          00000005
I2C_READ                          00000002
I2C_START                         00000003
I2C_STOP                          00000004
IBF                               00000007
IBOV                              00000005
INDF                              00000000
INTCON                            0000000B
MPASM 5.84                 RA_BUT_RB_LED.ASM   10-22-2019  22:21:35         PAGE  7


SYMBOL TABLE
  LABEL                             VALUE 

INTE                              00000004
INTEDG                            00000006
INTF                              00000001
IRP                               00000007
KONTROL                           00000031
NOT_A                             00000005
NOT_ADDRESS                       00000005
NOT_BO                            00000000
NOT_BOR                           00000000
NOT_DONE                          00000002
NOT_PD                            00000003
NOT_POR                           00000001
NOT_RBPU                          00000007
NOT_RC8                           00000006
NOT_T1SYNC                        00000002
NOT_TO                            00000004
NOT_TX8                           00000006
NOT_W                             00000002
NOT_WRITE                         00000002
OBF                               00000006
OERR                              00000001
OPTION_REG                        00000081
P                                 00000004
PCFG0                             00000000
PCFG1                             00000001
PCFG2                             00000002
PCFG3                             00000003
PCL                               00000002
PCLATH                            0000000A
PCON                              0000008E
PEIE                              00000006
PEN                               00000002
PIE1                              0000008C
PIE2                              0000008D
PIR1                              0000000C
PIR2                              0000000D
PORTA                             00000005
PORTA_AYARLA                      00000020
PORTB                             00000006
PORTB_AYARLA                      00000028
PORTC                             00000007
PORTD                             00000008
PORTE                             00000009
PR2                               00000092
PS0                               00000000
PS1                               00000001
PS2                               00000002
PSA                               00000003
PSPIE                             00000007
PSPIF                             00000007
PSPMODE                           00000004
R                                 00000002
RA0                               00000000
MPASM 5.84                 RA_BUT_RB_LED.ASM   10-22-2019  22:21:35         PAGE  8


SYMBOL TABLE
  LABEL                             VALUE 

RA1                               00000001
RA2                               00000002
RA3                               00000003
RA4                               00000004
RA5                               00000005
RB0                               00000000
RB1                               00000001
RB2                               00000002
RB3                               00000003
RB4                               00000004
RB5                               00000005
RB6                               00000006
RB7                               00000007
RBIE                              00000003
RBIF                              00000000
RC0                               00000000
RC1                               00000001
RC2                               00000002
RC3                               00000003
RC4                               00000004
RC5                               00000005
RC6                               00000006
RC7                               00000007
RC8_9                             00000006
RC9                               00000006
RCD8                              00000000
RCEN                              00000003
RCIE                              00000005
RCIF                              00000005
RCREG                             0000001A
RCSTA                             00000018
RD                                00000000
RD0                               00000000
RD1                               00000001
RD2                               00000002
RD3                               00000003
RD4                               00000004
RD5                               00000005
RD6                               00000006
RD7                               00000007
RE0                               00000000
RE1                               00000001
RE2                               00000002
READ_WRITE                        00000002
RP0                               00000005
RP1                               00000006
RSEN                              00000001
RX9                               00000006
RX9D                              00000000
R_NOT_W                           00000002
R_W                               00000002
S                                 00000003
SEN                               00000000
MPASM 5.84                 RA_BUT_RB_LED.ASM   10-22-2019  22:21:35         PAGE  9


SYMBOL TABLE
  LABEL                             VALUE 

SMP                               00000007
SPBRG                             00000099
SPEN                              00000007
SREN                              00000005
SSPADD                            00000093
SSPBUF                            00000013
SSPCON                            00000014
SSPCON2                           00000091
SSPEN                             00000005
SSPIE                             00000003
SSPIF                             00000003
SSPM0                             00000000
SSPM1                             00000001
SSPM2                             00000002
SSPM3                             00000003
SSPOV                             00000006
SSPSTAT                           00000094
STATUS                            00000003
SYNC                              00000004
T0CS                              00000005
T0IE                              00000005
T0IF                              00000002
T0SE                              00000004
T1CKPS0                           00000004
T1CKPS1                           00000005
T1CON                             00000010
T1INSYNC                          00000002
T1OSCEN                           00000003
T1SYNC                            00000002
T2CKPS0                           00000000
T2CKPS1                           00000001
T2CON                             00000012
TEKRAR                            00000050
TMR0                              00000001
TMR0IE                            00000005
TMR0IF                            00000002
TMR1                              0000000E
TMR1CS                            00000001
TMR1H                             0000000F
TMR1IE                            00000000
TMR1IF                            00000000
TMR1L                             0000000E
TMR1ON                            00000000
TMR2                              00000011
TMR2IE                            00000001
TMR2IF                            00000001
TMR2ON                            00000002
TOUTPS0                           00000003
TOUTPS1                           00000004
TOUTPS2                           00000005
TOUTPS3                           00000006
TRISA                             00000085
TRISA0                            00000000
MPASM 5.84                 RA_BUT_RB_LED.ASM   10-22-2019  22:21:35         PAGE 10


SYMBOL TABLE
  LABEL                             VALUE 

TRISA1                            00000001
TRISA2                            00000002
TRISA3                            00000003
TRISA4                            00000004
TRISA5                            00000005
TRISB                             00000086
TRISB0                            00000000
TRISB1                            00000001
TRISB2                            00000002
TRISB3                            00000003
TRISB4                            00000004
TRISB5                            00000005
TRISB6                            00000006
TRISB7                            00000007
TRISC                             00000087
TRISC0                            00000000
TRISC1                            00000001
TRISC2                            00000002
TRISC3                            00000003
TRISC4                            00000004
TRISC5                            00000005
TRISC6                            00000006
TRISC7                            00000007
TRISD                             00000088
TRISD0                            00000000
TRISD1                            00000001
TRISD2                            00000002
TRISD3                            00000003
TRISD4                            00000004
TRISD5                            00000005
TRISD6                            00000006
TRISD7                            00000007
TRISE                             00000089
TRISE0                            00000000
TRISE1                            00000001
TRISE2                            00000002
TRMT                              00000001
TX8_9                             00000006
TX9                               00000006
TX9D                              00000000
TXD8                              00000000
TXEN                              00000005
TXIE                              00000004
TXIF                              00000004
TXREG                             00000019
TXSTA                             00000098
UA                                00000001
W                                 00000000
WCOL                              00000007
WR                                00000001
WREN                              00000002
WRERR                             00000003
YAK_0                             0000003E
MPASM 5.84                 RA_BUT_RB_LED.ASM   10-22-2019  22:21:35         PAGE 11


SYMBOL TABLE
  LABEL                             VALUE 

YAK_1                             00000041
YAK_2                             00000044
YAK_3                             00000047
YAK_4                             0000004A
YAK_5                             0000004D
Z                                 00000002
_.org_1_0017                      00000017
_.org_1_0019                      00000019
_BODEN_OFF                        00003FBF
_BODEN_ON                         00003FFF
_BOREN_OFF                        00003FBF
_BOREN_ON                         00003FFF
_CONFIG                           00002007
_CPD_OFF                          00003FFF
_CPD_ON                           00003EFF
_CP_ALL                           00001FFF
_CP_OFF                           00003FFF
_CP_ON                            00001FFF
_DEBUG_OFF                        00003FFF
_DEBUG_ON                         000037FF
_DEVID1                           00002006
_FOSC_EXTRC                       00003FFF
_FOSC_HS                          00003FFE
_FOSC_LP                          00003FFC
_FOSC_XT                          00003FFD
_HS_OSC                           00003FFE
_IDLOC0                           00002000
_IDLOC1                           00002001
_IDLOC2                           00002002
_IDLOC3                           00002003
_LP_OSC                           00003FFC
_LVP_OFF                          00003F7F
_LVP_ON                           00003FFF
_PWRTE_OFF                        00003FFF
_PWRTE_ON                         00003FF7
_RC_OSC                           00003FFF
_WDTE_OFF                         00003FFB
_WDTE_ON                          00003FFF
_WDT_OFF                          00003FFB
_WDT_ON                           00003FFF
_WRT_1FOURTH                      00003BFF
_WRT_256                          00003DFF
_WRT_HALF                         000039FF
_WRT_OFF                          00003FFF
_XT_OSC                           00003FFD
__16F877A                         00000001
pclath_temp                       0000007F
status_temp                       0000007E
w_temp                            0000007D

MPASM 5.84                 RA_BUT_RB_LED.ASM   10-22-2019  22:21:35         PAGE 12





Errors   :     0
Warnings :     0 reported,     0 suppressed
Messages :     3 reported,     0 suppressed

