MPASM 5.84                         ODEV1.ASM   11-2-2019  16:22:28         PAGE  1


LOC  OBJECT CODE     LINE SOURCE TEXT
  VALUE

                      00001 ;Gungor Hoca Kodlama Sablonu
                      00002         
Warning[205]: Found directive in column 1. (list)
                      00003 list            p=16f877A       ; hangi pic
                      00004 #include        <p16f877A.inc>  ; SFR register 'lar?n tan?mland??? kutuphane
                      00001         LIST
                      00002 
                      00003 ;==========================================================================
                      00004 ; Build date : Mar 17 2019
                      00005 ;  MPASM PIC16F877A processor include
                      00006 ; 
                      00007 ;  (c) Copyright 1999-2019 Microchip Technology, All rights reserved
                      00008 ;==========================================================================
                      00009 
                      00567         LIST
                      00005         
Warning[205]: Found directive in column 1. (__CONFIG)
2007   3F31           00006 __CONFIG H'3F31'
                      00007 
                      00008 
                      00009 ;******************************************************************************
                      00010 ;Degiskenler
                      00011 
  00000020            00012 GECIKME1        EQU     0x20    ;GEC?KME 1. DONGU
  00000021            00013 GECIKME2        EQU     0x21    ;GECIKME 2. DONGU
  00000022            00014 GECIKME3        EQU     0x22    ;GECIKME 3.DONGU
                      00015 
                      00016 ;******************************************************************************
                      00017                 
Warning[205]: Found directive in column 1. (ORG)
                      00018 ORG     0x000                   ; Baslama Vektoru
                      00019 
Warning[203]: Found opcode in column 1. (nop)
0000   0000           00020 nop
Warning[203]: Found opcode in column 1. (goto)
0001   2???           00021 goto    BASLA                   ; BASLA Etiketine Git
                      00022 
                      00023 ;******************************************************************************
                      00024 ;Gecikme Alt Programi   
                      00025 
0002                  00026 GECIKME                         ; (herbir komut 4mhz de 1mikrosn) = 1 sn GEC?KME (yakla??k)
0002   3008           00027         MOVLW   0x08
0003   00A0           00028         MOVWF   GECIKME1        
                      00029         
0004   302F           00030         MOVLW   0x2F
0005   00A1           00031         MOVWF   GECIKME2
0006   3001           00032         MOVLW   0x01
0007   00A2           00033         MOVWF   GECIKME3
0008                  00034 DONGU1
0008   0BA0           00035         DECFSZ  GECIKME1,1
0009   2???           00036         GOTO    $+2
000A   0BA1           00037         DECFSZ  GECIKME2,1
000B   2???           00038         GOTO    $+2
MPASM 5.84                         ODEV1.ASM   11-2-2019  16:22:28         PAGE  2


LOC  OBJECT CODE     LINE SOURCE TEXT
  VALUE

000C   0BA2           00039         DECFSZ  GECIKME3,1
000D   2???           00040         GOTO    DONGU1
                      00041         
000E   0000           00042         NOP
000F   0000           00043         NOP
0010   0000           00044         NOP     
0011   0008           00045         RETURN
                      00046         
                      00047 ;*******************************************************************************************************
                            *********
                      00048 ;Arttirma ve azaltma alt programlari
0012                  00049 AARTTIR
0012   0A85           00050         INCF    PORTA,1                 ; PORTa yi 1 arttir
0013   0008           00051         return
0014                  00052 AAZALT
0014   0385           00053         DECF    PORTA,1                 ; PORTa yi 1 arttir
0015   0008           00054         return
                      00055 
                      00056 ;******************************************************************************
                      00057 ;Baslangic
                      00058 
0016                  00059 BASLA
                      00060         ;en agirliksiz set edildi 01.banka gecildi
0016   1683           00061         BSF     STATUS,RP0
                      00062         
                      00063         ;varsayilan adc pasifleme
0017   3006           00064         MOVLW   0X06    
Message[302]: Register in operand not in bank 0.  Ensure that bank bits are correct.
0018   009F           00065         MOVWF   ADCON1
                      00066         
                      00067         ; port a'nin giris cikislarini ayarlama
0019   3030           00068         MOVLW   b'00110000'
Message[302]: Register in operand not in bank 0.  Ensure that bank bits are correct.
001A   0085           00069         MOVWF   TRISA               
                      00070         
                      00071         ; port b'nin giris cikislarini ayarlama
001B   3000           00072         MOVLW   0X00    
Message[302]: Register in operand not in bank 0.  Ensure that bank bits are correct.
001C   0086           00073         MOVWF   TRISB               
                      00074         
                      00075         ;en agirliksiz clear edildi portlar icin 00.banka gecildi
001D   1283           00076         BCF     STATUS,RP0      
                      00077         
                      00078         ;port a ve b icini temizleme
001E   0185           00079         CLRF    PORTA
001F   0186           00080         CLRF    PORTB
                      00081         
                      00082         ;pull-up oldugundan a port cikislara 0, girislere 1 yukle
0020   3030           00083         MOVLW   b'00110000'         ; PORT A 'YI BASTA 00000000 YAP
0021   0085           00084         MOVWF   PORTA
                      00085         
                      00086         ;pull-up oldugundan cikislara 0, girislere 1 yukle
0022   3000           00087         MOVLW   0X00                ; PORT B 'YI BASTA 00000000 YAP
MPASM 5.84                         ODEV1.ASM   11-2-2019  16:22:28         PAGE  3


LOC  OBJECT CODE     LINE SOURCE TEXT
  VALUE

0023   0086           00088         MOVWF   PORTB
                      00089         
Warning[207]: Found label after column 1. (DON)
0024                  00090     DON ;baslangicta butonlari dinleme
0024   1E05           00091         BTFSS   PORTA,4         
0025   2???           00092         GOTO    ILERISAYICI
0026   1E85           00093         BTFSS   PORTA,5         
0027   2???           00094         GOTO    GERISAYICI
0028   2???           00095         GOTO    DON
                      00096 
                      00097 ;******************************************************************************
                      00098 ;Sayicilar
                      00099         
0029                  00100 ILERISAYICI ;ileri sayma islemi
0029   2???           00101         CALL    GECIKME             
                      00102         
                      00103         ; Tüm bitler 1 ise porta'yi arttiracak
002A   1F86           00104         BTFSS   PORTB,7
002B   2???           00105         GOTO    $+2
002C   1F06           00106         BTFSS   PORTB,6
002D   2???           00107         GOTO    $+2
002E   1E86           00108         BTFSS   PORTB,5
002F   2???           00109         GOTO    $+2
0030   1E06           00110         BTFSS   PORTB,4
0031   2???           00111         GOTO    $+2
0032   1D86           00112         BTFSS   PORTB,3
0033   2???           00113         GOTO    $+2
0034   1D06           00114         BTFSS   PORTB,2
0035   2???           00115         GOTO    $+2
0036   1C86           00116         BTFSS   PORTB,1
0037   2???           00117         GOTO    $+2
0038   1C06           00118         BTFSS   PORTB,0
0039   2???           00119         GOTO    $+2
003A   2???           00120         CALL    AARTTIR
                      00121         
                      00122         ; PORTB yi 1 arttir
003B   0A86           00123         INCF    PORTB,1                 
                      00124         
                      00125         ; butonu dinleyerek pull-up geri sayiciya gecme
003C   1E85           00126         BTFSS   PORTA,5         
003D   2???           00127         GOTO    GERISAYICI
003E   2???           00128         GOTO    ILERISAYICI
                      00129 
003F                  00130 GERISAYICI ;geri sayma islemi
003F   2???           00131         CALL    GECIKME
                      00132         
                      00133         ; Tüm bitler 0 ise porta'yi azaltacak
0040   1B86           00134         BTFSC   PORTB,7
0041   2???           00135         GOTO    $+2
0042   1B06           00136         BTFSC   PORTB,6
0043   2???           00137         GOTO    $+2
0044   1A86           00138         BTFSC   PORTB,5
0045   2???           00139         GOTO    $+2
MPASM 5.84                         ODEV1.ASM   11-2-2019  16:22:28         PAGE  4


LOC  OBJECT CODE     LINE SOURCE TEXT
  VALUE

0046   1A06           00140         BTFSC   PORTB,4
0047   2???           00141         GOTO    $+2
0048   1986           00142         BTFSC   PORTB,3
0049   2???           00143         GOTO    $+2
004A   1906           00144         BTFSC   PORTB,2
004B   2???           00145         GOTO    $+2
004C   1886           00146         BTFSC   PORTB,1
004D   2???           00147         GOTO    $+2
004E   1806           00148         BTFSC   PORTB,0
004F   2???           00149         GOTO    $+2
0050   2???           00150         CALL    AAZALT
                      00151         
                      00152         ;PORTB'yi 1 azalt
0051   0386           00153         DECF    PORTB,1                 
                      00154         
                      00155         ; butonu dinleyerek pull-up ileri sayiciya gecme
0052   1E05           00156         BTFSS   PORTA,4         
0053   2???           00157         GOTO    ILERISAYICI
0054   2???           00158         GOTO    GERISAYICI
                      00159         
Warning[205]: Found directive in column 1. (END)
3F31                  00160 END                         ; Program sonu
MPASM 5.84                         ODEV1.ASM   11-2-2019  16:22:28         PAGE  5


SYMBOL TABLE
  LABEL                             VALUE 

AARTTIR                           00000012
AAZALT                            00000014
ACKDT                             00000005
ACKEN                             00000004
ACKSTAT                           00000006
ADCON0                            0000001F
ADCON1                            0000009F
ADCS0                             00000006
ADCS1                             00000007
ADCS2                             00000006
ADDEN                             00000003
ADFM                              00000007
ADIE                              00000006
ADIF                              00000006
ADON                              00000000
ADRESH                            0000001E
ADRESL                            0000009E
BASLA                             00000016
BCLIE                             00000003
BCLIF                             00000003
BF                                00000000
BRGH                              00000002
C                                 00000000
C1INV                             00000004
C1OUT                             00000006
C2INV                             00000005
C2OUT                             00000007
CCP1CON                           00000017
CCP1IE                            00000002
CCP1IF                            00000002
CCP1M0                            00000000
CCP1M1                            00000001
CCP1M2                            00000002
CCP1M3                            00000003
CCP1X                             00000005
CCP1Y                             00000004
CCP2CON                           0000001D
CCP2IE                            00000000
CCP2IF                            00000000
CCP2M0                            00000000
CCP2M1                            00000001
CCP2M2                            00000002
CCP2M3                            00000003
CCP2X                             00000005
CCP2Y                             00000004
CCPR1                             00000015
CCPR1H                            00000016
CCPR1L                            00000015
CCPR2                             0000001B
CCPR2H                            0000001C
CCPR2L                            0000001B
CHS0                              00000003
CHS1                              00000004
MPASM 5.84                         ODEV1.ASM   11-2-2019  16:22:28         PAGE  6


SYMBOL TABLE
  LABEL                             VALUE 

CHS2                              00000005
CIS                               00000003
CKE                               00000006
CKP                               00000004
CM0                               00000000
CM1                               00000001
CM2                               00000002
CMCON                             0000009C
CMIE                              00000006
CMIF                              00000006
CREN                              00000004
CSRC                              00000007
CVR0                              00000000
CVR1                              00000001
CVR2                              00000002
CVR3                              00000003
CVRCON                            0000009D
CVREN                             00000007
CVROE                             00000006
CVRR                              00000005
D                                 00000005
DATA_ADDRESS                      00000005
DC                                00000001
DON                               00000024
DONGU1                            00000008
D_A                               00000005
D_NOT_A                           00000005
EEADR                             0000010D
EEADRH                            0000010F
EECON1                            0000018C
EECON2                            0000018D
EEDATA                            0000010C
EEDATH                            0000010E
EEIE                              00000004
EEIF                              00000004
EEPGD                             00000007
F                                 00000001
FERR                              00000002
FSR                               00000004
GCEN                              00000007
GECIKME                           00000002
GECIKME1                          00000020
GECIKME2                          00000021
GECIKME3                          00000022
GERISAYICI                        0000003F
GIE                               00000007
GO                                00000002
GO_DONE                           00000002
GO_NOT_DONE                       00000002
I2C_DATA                          00000005
I2C_READ                          00000002
I2C_START                         00000003
I2C_STOP                          00000004
MPASM 5.84                         ODEV1.ASM   11-2-2019  16:22:28         PAGE  7


SYMBOL TABLE
  LABEL                             VALUE 

IBF                               00000007
IBOV                              00000005
ILERISAYICI                       00000029
INDF                              00000000
INTCON                            0000000B
INTE                              00000004
INTEDG                            00000006
INTF                              00000001
IRP                               00000007
NOT_A                             00000005
NOT_ADDRESS                       00000005
NOT_BO                            00000000
NOT_BOR                           00000000
NOT_DONE                          00000002
NOT_PD                            00000003
NOT_POR                           00000001
NOT_RBPU                          00000007
NOT_RC8                           00000006
NOT_T1SYNC                        00000002
NOT_TO                            00000004
NOT_TX8                           00000006
NOT_W                             00000002
NOT_WRITE                         00000002
OBF                               00000006
OERR                              00000001
OPTION_REG                        00000081
P                                 00000004
PCFG0                             00000000
PCFG1                             00000001
PCFG2                             00000002
PCFG3                             00000003
PCL                               00000002
PCLATH                            0000000A
PCON                              0000008E
PEIE                              00000006
PEN                               00000002
PIE1                              0000008C
PIE2                              0000008D
PIR1                              0000000C
PIR2                              0000000D
PORTA                             00000005
PORTB                             00000006
PORTC                             00000007
PORTD                             00000008
PORTE                             00000009
PR2                               00000092
PS0                               00000000
PS1                               00000001
PS2                               00000002
PSA                               00000003
PSPIE                             00000007
PSPIF                             00000007
PSPMODE                           00000004
MPASM 5.84                         ODEV1.ASM   11-2-2019  16:22:28         PAGE  8


SYMBOL TABLE
  LABEL                             VALUE 

R                                 00000002
RA0                               00000000
RA1                               00000001
RA2                               00000002
RA3                               00000003
RA4                               00000004
RA5                               00000005
RB0                               00000000
RB1                               00000001
RB2                               00000002
RB3                               00000003
RB4                               00000004
RB5                               00000005
RB6                               00000006
RB7                               00000007
RBIE                              00000003
RBIF                              00000000
RC0                               00000000
RC1                               00000001
RC2                               00000002
RC3                               00000003
RC4                               00000004
RC5                               00000005
RC6                               00000006
RC7                               00000007
RC8_9                             00000006
RC9                               00000006
RCD8                              00000000
RCEN                              00000003
RCIE                              00000005
RCIF                              00000005
RCREG                             0000001A
RCSTA                             00000018
RD                                00000000
RD0                               00000000
RD1                               00000001
RD2                               00000002
RD3                               00000003
RD4                               00000004
RD5                               00000005
RD6                               00000006
RD7                               00000007
RE0                               00000000
RE1                               00000001
RE2                               00000002
READ_WRITE                        00000002
RP0                               00000005
RP1                               00000006
RSEN                              00000001
RX9                               00000006
RX9D                              00000000
R_NOT_W                           00000002
R_W                               00000002
MPASM 5.84                         ODEV1.ASM   11-2-2019  16:22:28         PAGE  9


SYMBOL TABLE
  LABEL                             VALUE 

S                                 00000003
SEN                               00000000
SMP                               00000007
SPBRG                             00000099
SPEN                              00000007
SREN                              00000005
SSPADD                            00000093
SSPBUF                            00000013
SSPCON                            00000014
SSPCON2                           00000091
SSPEN                             00000005
SSPIE                             00000003
SSPIF                             00000003
SSPM0                             00000000
SSPM1                             00000001
SSPM2                             00000002
SSPM3                             00000003
SSPOV                             00000006
SSPSTAT                           00000094
STATUS                            00000003
SYNC                              00000004
T0CS                              00000005
T0IE                              00000005
T0IF                              00000002
T0SE                              00000004
T1CKPS0                           00000004
T1CKPS1                           00000005
T1CON                             00000010
T1INSYNC                          00000002
T1OSCEN                           00000003
T1SYNC                            00000002
T2CKPS0                           00000000
T2CKPS1                           00000001
T2CON                             00000012
TMR0                              00000001
TMR0IE                            00000005
TMR0IF                            00000002
TMR1                              0000000E
TMR1CS                            00000001
TMR1H                             0000000F
TMR1IE                            00000000
TMR1IF                            00000000
TMR1L                             0000000E
TMR1ON                            00000000
TMR2                              00000011
TMR2IE                            00000001
TMR2IF                            00000001
TMR2ON                            00000002
TOUTPS0                           00000003
TOUTPS1                           00000004
TOUTPS2                           00000005
TOUTPS3                           00000006
TRISA                             00000085
MPASM 5.84                         ODEV1.ASM   11-2-2019  16:22:28         PAGE 10


SYMBOL TABLE
  LABEL                             VALUE 

TRISA0                            00000000
TRISA1                            00000001
TRISA2                            00000002
TRISA3                            00000003
TRISA4                            00000004
TRISA5                            00000005
TRISB                             00000086
TRISB0                            00000000
TRISB1                            00000001
TRISB2                            00000002
TRISB3                            00000003
TRISB4                            00000004
TRISB5                            00000005
TRISB6                            00000006
TRISB7                            00000007
TRISC                             00000087
TRISC0                            00000000
TRISC1                            00000001
TRISC2                            00000002
TRISC3                            00000003
TRISC4                            00000004
TRISC5                            00000005
TRISC6                            00000006
TRISC7                            00000007
TRISD                             00000088
TRISD0                            00000000
TRISD1                            00000001
TRISD2                            00000002
TRISD3                            00000003
TRISD4                            00000004
TRISD5                            00000005
TRISD6                            00000006
TRISD7                            00000007
TRISE                             00000089
TRISE0                            00000000
TRISE1                            00000001
TRISE2                            00000002
TRMT                              00000001
TX8_9                             00000006
TX9                               00000006
TX9D                              00000000
TXD8                              00000000
TXEN                              00000005
TXIE                              00000004
TXIF                              00000004
TXREG                             00000019
TXSTA                             00000098
UA                                00000001
W                                 00000000
WCOL                              00000007
WR                                00000001
WREN                              00000002
WRERR                             00000003
MPASM 5.84                         ODEV1.ASM   11-2-2019  16:22:28         PAGE 11


SYMBOL TABLE
  LABEL                             VALUE 

Z                                 00000002
_.org_0_0009                      00000009
_.org_0_000B                      0000000B
_.org_0_002B                      0000002B
_.org_0_002D                      0000002D
_.org_0_002F                      0000002F
_.org_0_0031                      00000031
_.org_0_0033                      00000033
_.org_0_0035                      00000035
_.org_0_0037                      00000037
_.org_0_0039                      00000039
_.org_0_0041                      00000041
_.org_0_0043                      00000043
_.org_0_0045                      00000045
_.org_0_0047                      00000047
_.org_0_0049                      00000049
_.org_0_004B                      0000004B
_.org_0_004D                      0000004D
_.org_0_004F                      0000004F
_BODEN_OFF                        00003FBF
_BODEN_ON                         00003FFF
_BOREN_OFF                        00003FBF
_BOREN_ON                         00003FFF
_CONFIG                           00002007
_CPD_OFF                          00003FFF
_CPD_ON                           00003EFF
_CP_ALL                           00001FFF
_CP_OFF                           00003FFF
_CP_ON                            00001FFF
_DEBUG_OFF                        00003FFF
_DEBUG_ON                         000037FF
_DEVID1                           00002006
_FOSC_EXTRC                       00003FFF
_FOSC_HS                          00003FFE
_FOSC_LP                          00003FFC
_FOSC_XT                          00003FFD
_HS_OSC                           00003FFE
_IDLOC0                           00002000
_IDLOC1                           00002001
_IDLOC2                           00002002
_IDLOC3                           00002003
_LP_OSC                           00003FFC
_LVP_OFF                          00003F7F
_LVP_ON                           00003FFF
_PWRTE_OFF                        00003FFF
_PWRTE_ON                         00003FF7
_RC_OSC                           00003FFF
_WDTE_OFF                         00003FFB
_WDTE_ON                          00003FFF
_WDT_OFF                          00003FFB
_WDT_ON                           00003FFF
_WRT_1FOURTH                      00003BFF
_WRT_256                          00003DFF
MPASM 5.84                         ODEV1.ASM   11-2-2019  16:22:28         PAGE 12


SYMBOL TABLE
  LABEL                             VALUE 

_WRT_HALF                         000039FF
_WRT_OFF                          00003FFF
_XT_OSC                           00003FFD
__16F877A                         00000001
__DEBUG                           
__MPLAB_DEBUGGER_SIMULATOR        1

Errors   :     0
Warnings :     7 reported,     0 suppressed
Messages :     3 reported,     0 suppressed

