MPASM 5.84                         ODEV1.ASM   11-3-2019  13:25:37         PAGE  1


LOC  OBJECT CODE     LINE SOURCE TEXT
  VALUE

                      00001 ;******************************************************************************
                      00002 ;*** MIKROISLEMCILER DERSI 1. HAFTA ODEVI 
                      00003 ;*** 170260101 - Mert INCIDELEN
                      00004 ;******************************************************************************
                      00005 
                      00006 ;Gungor Hoca Kodlama Sablonu
                      00007 
Warning[205]: Found directive in column 1. (list)
                      00008 list            p=16f877A
                      00009 #include        <p16f877A.inc>
                      00001         LIST
                      00002 
                      00003 ;==========================================================================
                      00004 ; Build date : Mar 17 2019
                      00005 ;  MPASM PIC16F877A processor include
                      00006 ; 
                      00007 ;  (c) Copyright 1999-2019 Microchip Technology, All rights reserved
                      00008 ;==========================================================================
                      00009 
                      00567         LIST
                      00010         
Warning[205]: Found directive in column 1. (__CONFIG)
2007   3F31           00011 __CONFIG H'3F31'
                      00012 
                      00013 ;******************************************************************************
                      00014 ;Degiskenler
                      00015 
  00000020            00016 GECIKME1        EQU     0x20    ;Gecikme 1. Dongu Degiskeni
  00000021            00017 GECIKME2        EQU     0x21    ;Gecikme 2. Dongu Degiskeni
  00000022            00018 GECIKME3        EQU     0x22    ;Gecikme 3. Dongu Degiskeni
                      00019 
                      00020 ;******************************************************************************
                      00021                 
Warning[205]: Found directive in column 1. (ORG)
                      00022 ORG     0x000                   ; Baslama Vektoru
Warning[203]: Found opcode in column 1. (nop)
0000   0000           00023 nop
Warning[203]: Found opcode in column 1. (goto)
0001   2???           00024 goto    BASLA                   ; BASLA Etiketine Git
                      00025 
                      00026 ;******************************************************************************
                      00027 ;Gecikme Alt Programi   
                      00028 
0002                  00029 GECIKME                         ; (herbir komut 4mhz de 1mikrosn) = 1 sn GEC?KME (yakla??k)
0002   3008           00030         MOVLW   0x08
0003   00A0           00031         MOVWF   GECIKME1        
0004   302F           00032         MOVLW   0x2F
0005   00A1           00033         MOVWF   GECIKME2
0006   3001           00034         MOVLW   0x01
0007   00A2           00035         MOVWF   GECIKME3
0008                  00036 DONGU1
0008   0BA0           00037         DECFSZ  GECIKME1,1
0009   2???           00038         GOTO    $+2
MPASM 5.84                         ODEV1.ASM   11-3-2019  13:25:37         PAGE  2


LOC  OBJECT CODE     LINE SOURCE TEXT
  VALUE

000A   0BA1           00039         DECFSZ  GECIKME2,1
000B   2???           00040         GOTO    $+2
000C   0BA2           00041         DECFSZ  GECIKME3,1
000D   2???           00042         GOTO    DONGU1
000E   0000           00043         NOP
000F   0000           00044         NOP
0010   0000           00045         NOP     
0011   0008           00046         RETURN
                      00047         
                      00048 ;*******************************************************************************************************
                            *********
                      00049 ;Arttirma ve azaltma alt programlari
                      00050 
0012                  00051 AARTTIR
0012   0A85           00052         INCF    PORTA,1                 ; PORTa yi 1 arttir
0013   0008           00053         return
                      00054 
0014                  00055 AAZALT
0014   0385           00056         DECF    PORTA,1                 ; PORTa yi 1 arttir
0015   0008           00057         return
                      00058 
                      00059 ;******************************************************************************
                      00060 ;Baslangic
                      00061 
0016                  00062 BASLA
                      00063         ;en agirliksiz set edildi 01.banka gecildi
0016   1683           00064         BSF     STATUS,RP0
                      00065         
                      00066         ;varsayilan adc pasifleme
0017   3006           00067         MOVLW   0X06    
Message[302]: Register in operand not in bank 0.  Ensure that bank bits are correct.
0018   009F           00068         MOVWF   ADCON1
                      00069         
                      00070         ; port a'nin giris cikislarini ayarlama
0019   3030           00071         MOVLW   b'00110000'
Message[302]: Register in operand not in bank 0.  Ensure that bank bits are correct.
001A   0085           00072         MOVWF   TRISA               
                      00073         
                      00074         ; port b'nin giris cikislarini ayarlama
001B   3000           00075         MOVLW   0X00    
Message[302]: Register in operand not in bank 0.  Ensure that bank bits are correct.
001C   0086           00076         MOVWF   TRISB               
                      00077         
                      00078         ;en agirliksiz clear edildi portlar icin 00.banka gecildi
001D   1283           00079         BCF     STATUS,RP0      
                      00080         
                      00081         ;port a ve b icini temizleme
001E   0185           00082         CLRF    PORTA
001F   0186           00083         CLRF    PORTB
                      00084         
                      00085         ;pull-up oldugundan a port cikislara 0, girislere 1 yukle
0020   3030           00086         MOVLW   b'00110000'         ; PORT A 'YI BASTA 00000000 YAP
0021   0085           00087         MOVWF   PORTA
MPASM 5.84                         ODEV1.ASM   11-3-2019  13:25:37         PAGE  3


LOC  OBJECT CODE     LINE SOURCE TEXT
  VALUE

                      00088         
                      00089         ;pull-up oldugundan cikislara 0, girislere 1 yukle
0022   3000           00090         MOVLW   0X00                ; PORT B 'YI BASTA 00000000 YAP
0023   0086           00091         MOVWF   PORTB
                      00092         
Warning[207]: Found label after column 1. (DON)
0024                  00093     DON ;baslangicta butonlari dinleme
0024   1E05           00094         BTFSS   PORTA,4         
0025   2???           00095         GOTO    ILERISAYICI
0026   1E85           00096         BTFSS   PORTA,5         
0027   2???           00097         GOTO    GERISAYICI
0028   2???           00098         GOTO    DON
                      00099 
                      00100 ;******************************************************************************
                      00101 ;Sayicilar
                      00102         
0029                  00103 ILERISAYICI ;ileri sayma islemi
                      00104 
0029   2???           00105         CALL    GECIKME             
                      00106         
                      00107         ; Tüm bitler 1 ise porta'yi arttiracak
002A   1F86           00108         BTFSS   PORTB,7
002B   2???           00109         GOTO    $+2
002C   1F06           00110         BTFSS   PORTB,6
002D   2???           00111         GOTO    $+2
002E   1E86           00112         BTFSS   PORTB,5
002F   2???           00113         GOTO    $+2
0030   1E06           00114         BTFSS   PORTB,4
0031   2???           00115         GOTO    $+2
0032   1D86           00116         BTFSS   PORTB,3
0033   2???           00117         GOTO    $+2
0034   1D06           00118         BTFSS   PORTB,2
0035   2???           00119         GOTO    $+2
0036   1C86           00120         BTFSS   PORTB,1
0037   2???           00121         GOTO    $+2
0038   1C06           00122         BTFSS   PORTB,0
0039   2???           00123         GOTO    $+2
003A   2???           00124         CALL    AARTTIR
                      00125         
                      00126         ; PORTB yi 1 arttir
003B   0A86           00127         INCF    PORTB,1                 
                      00128         
                      00129         ; butonu dinleyerek pull-up geri sayiciya gecme
003C   1E85           00130         BTFSS   PORTA,5         
003D   2???           00131         GOTO    GERISAYICI
003E   2???           00132         GOTO    ILERISAYICI
                      00133 
003F                  00134 GERISAYICI ;geri sayma islemi
                      00135 
003F   2???           00136         CALL    GECIKME
                      00137         
                      00138         ; Tüm bitler 0 ise porta'yi azaltacak
0040   1B86           00139         BTFSC   PORTB,7
MPASM 5.84                         ODEV1.ASM   11-3-2019  13:25:37         PAGE  4


LOC  OBJECT CODE     LINE SOURCE TEXT
  VALUE

0041   2???           00140         GOTO    $+2
0042   1B06           00141         BTFSC   PORTB,6
0043   2???           00142         GOTO    $+2
0044   1A86           00143         BTFSC   PORTB,5
0045   2???           00144         GOTO    $+2
0046   1A06           00145         BTFSC   PORTB,4
0047   2???           00146         GOTO    $+2
0048   1986           00147         BTFSC   PORTB,3
0049   2???           00148         GOTO    $+2
004A   1906           00149         BTFSC   PORTB,2
004B   2???           00150         GOTO    $+2
004C   1886           00151         BTFSC   PORTB,1
004D   2???           00152         GOTO    $+2
004E   1806           00153         BTFSC   PORTB,0
004F   2???           00154         GOTO    $+2
0050   2???           00155         CALL    AAZALT
                      00156         
                      00157         ;PORTB'yi 1 azalt
0051   0386           00158         DECF    PORTB,1                 
                      00159         
                      00160         ; butonu dinleyerek pull-up ileri sayiciya gecme
0052   1E05           00161         BTFSS   PORTA,4         
0053   2???           00162         GOTO    ILERISAYICI
0054   2???           00163         GOTO    GERISAYICI
                      00164         
Warning[205]: Found directive in column 1. (END)
3F31                  00165 END                         ; Program sonu
MPASM 5.84                         ODEV1.ASM   11-3-2019  13:25:37         PAGE  5


SYMBOL TABLE
  LABEL                             VALUE 

AARTTIR                           00000012
AAZALT                            00000014
ACKDT                             00000005
ACKEN                             00000004
ACKSTAT                           00000006
ADCON0                            0000001F
ADCON1                            0000009F
ADCS0                             00000006
ADCS1                             00000007
ADCS2                             00000006
ADDEN                             00000003
ADFM                              00000007
ADIE                              00000006
ADIF                              00000006
ADON                              00000000
ADRESH                            0000001E
ADRESL                            0000009E
BASLA                             00000016
BCLIE                             00000003
BCLIF                             00000003
BF                                00000000
BRGH                              00000002
C                                 00000000
C1INV                             00000004
C1OUT                             00000006
C2INV                             00000005
C2OUT                             00000007
CCP1CON                           00000017
CCP1IE                            00000002
CCP1IF                            00000002
CCP1M0                            00000000
CCP1M1                            00000001
CCP1M2                            00000002
CCP1M3                            00000003
CCP1X                             00000005
CCP1Y                             00000004
CCP2CON                           0000001D
CCP2IE                            00000000
CCP2IF                            00000000
CCP2M0                            00000000
CCP2M1                            00000001
CCP2M2                            00000002
CCP2M3                            00000003
CCP2X                             00000005
CCP2Y                             00000004
CCPR1                             00000015
CCPR1H                            00000016
CCPR1L                            00000015
CCPR2                             0000001B
CCPR2H                            0000001C
CCPR2L                            0000001B
CHS0                              00000003
CHS1                              00000004
MPASM 5.84                         ODEV1.ASM   11-3-2019  13:25:37         PAGE  6


SYMBOL TABLE
  LABEL                             VALUE 

CHS2                              00000005
CIS                               00000003
CKE                               00000006
CKP                               00000004
CM0                               00000000
CM1                               00000001
CM2                               00000002
CMCON                             0000009C
CMIE                              00000006
CMIF                              00000006
CREN                              00000004
CSRC                              00000007
CVR0                              00000000
CVR1                              00000001
CVR2                              00000002
CVR3                              00000003
CVRCON                            0000009D
CVREN                             00000007
CVROE                             00000006
CVRR                              00000005
D                                 00000005
DATA_ADDRESS                      00000005
DC                                00000001
DON                               00000024
DONGU1                            00000008
D_A                               00000005
D_NOT_A                           00000005
EEADR                             0000010D
EEADRH                            0000010F
EECON1                            0000018C
EECON2                            0000018D
EEDATA                            0000010C
EEDATH                            0000010E
EEIE                              00000004
EEIF                              00000004
EEPGD                             00000007
F                                 00000001
FERR                              00000002
FSR                               00000004
GCEN                              00000007
GECIKME                           00000002
GECIKME1                          00000020
GECIKME2                          00000021
GECIKME3                          00000022
GERISAYICI                        0000003F
GIE                               00000007
GO                                00000002
GO_DONE                           00000002
GO_NOT_DONE                       00000002
I2C_DATA                          00000005
I2C_READ                          00000002
I2C_START                         00000003
I2C_STOP                          00000004
MPASM 5.84                         ODEV1.ASM   11-3-2019  13:25:37         PAGE  7


SYMBOL TABLE
  LABEL                             VALUE 

IBF                               00000007
IBOV                              00000005
ILERISAYICI                       00000029
INDF                              00000000
INTCON                            0000000B
INTE                              00000004
INTEDG                            00000006
INTF                              00000001
IRP                               00000007
NOT_A                             00000005
NOT_ADDRESS                       00000005
NOT_BO                            00000000
NOT_BOR                           00000000
NOT_DONE                          00000002
NOT_PD                            00000003
NOT_POR                           00000001
NOT_RBPU                          00000007
NOT_RC8                           00000006
NOT_T1SYNC                        00000002
NOT_TO                            00000004
NOT_TX8                           00000006
NOT_W                             00000002
NOT_WRITE                         00000002
OBF                               00000006
OERR                              00000001
OPTION_REG                        00000081
P                                 00000004
PCFG0                             00000000
PCFG1                             00000001
PCFG2                             00000002
PCFG3                             00000003
PCL                               00000002
PCLATH                            0000000A
PCON                              0000008E
PEIE                              00000006
PEN                               00000002
PIE1                              0000008C
PIE2                              0000008D
PIR1                              0000000C
PIR2                              0000000D
PORTA                             00000005
PORTB                             00000006
PORTC                             00000007
PORTD                             00000008
PORTE                             00000009
PR2                               00000092
PS0                               00000000
PS1                               00000001
PS2                               00000002
PSA                               00000003
PSPIE                             00000007
PSPIF                             00000007
PSPMODE                           00000004
MPASM 5.84                         ODEV1.ASM   11-3-2019  13:25:37         PAGE  8


SYMBOL TABLE
  LABEL                             VALUE 

R                                 00000002
RA0                               00000000
RA1                               00000001
RA2                               00000002
RA3                               00000003
RA4                               00000004
RA5                               00000005
RB0                               00000000
RB1                               00000001
RB2                               00000002
RB3                               00000003
RB4                               00000004
RB5                               00000005
RB6                               00000006
RB7                               00000007
RBIE                              00000003
RBIF                              00000000
RC0                               00000000
RC1                               00000001
RC2                               00000002
RC3                               00000003
RC4                               00000004
RC5                               00000005
RC6                               00000006
RC7                               00000007
RC8_9                             00000006
RC9                               00000006
RCD8                              00000000
RCEN                              00000003
RCIE                              00000005
RCIF                              00000005
RCREG                             0000001A
RCSTA                             00000018
RD                                00000000
RD0                               00000000
RD1                               00000001
RD2                               00000002
RD3                               00000003
RD4                               00000004
RD5                               00000005
RD6                               00000006
RD7                               00000007
RE0                               00000000
RE1                               00000001
RE2                               00000002
READ_WRITE                        00000002
RP0                               00000005
RP1                               00000006
RSEN                              00000001
RX9                               00000006
RX9D                              00000000
R_NOT_W                           00000002
R_W                               00000002
MPASM 5.84                         ODEV1.ASM   11-3-2019  13:25:37         PAGE  9


SYMBOL TABLE
  LABEL                             VALUE 

S                                 00000003
SEN                               00000000
SMP                               00000007
SPBRG                             00000099
SPEN                              00000007
SREN                              00000005
SSPADD                            00000093
SSPBUF                            00000013
SSPCON                            00000014
SSPCON2                           00000091
SSPEN                             00000005
SSPIE                             00000003
SSPIF                             00000003
SSPM0                             00000000
SSPM1                             00000001
SSPM2                             00000002
SSPM3                             00000003
SSPOV                             00000006
SSPSTAT                           00000094
STATUS                            00000003
SYNC                              00000004
T0CS                              00000005
T0IE                              00000005
T0IF                              00000002
T0SE                              00000004
T1CKPS0                           00000004
T1CKPS1                           00000005
T1CON                             00000010
T1INSYNC                          00000002
T1OSCEN                           00000003
T1SYNC                            00000002
T2CKPS0                           00000000
T2CKPS1                           00000001
T2CON                             00000012
TMR0                              00000001
TMR0IE                            00000005
TMR0IF                            00000002
TMR1                              0000000E
TMR1CS                            00000001
TMR1H                             0000000F
TMR1IE                            00000000
TMR1IF                            00000000
TMR1L                             0000000E
TMR1ON                            00000000
TMR2                              00000011
TMR2IE                            00000001
TMR2IF                            00000001
TMR2ON                            00000002
TOUTPS0                           00000003
TOUTPS1                           00000004
TOUTPS2                           00000005
TOUTPS3                           00000006
TRISA                             00000085
MPASM 5.84                         ODEV1.ASM   11-3-2019  13:25:37         PAGE 10


SYMBOL TABLE
  LABEL                             VALUE 

TRISA0                            00000000
TRISA1                            00000001
TRISA2                            00000002
TRISA3                            00000003
TRISA4                            00000004
TRISA5                            00000005
TRISB                             00000086
TRISB0                            00000000
TRISB1                            00000001
TRISB2                            00000002
TRISB3                            00000003
TRISB4                            00000004
TRISB5                            00000005
TRISB6                            00000006
TRISB7                            00000007
TRISC                             00000087
TRISC0                            00000000
TRISC1                            00000001
TRISC2                            00000002
TRISC3                            00000003
TRISC4                            00000004
TRISC5                            00000005
TRISC6                            00000006
TRISC7                            00000007
TRISD                             00000088
TRISD0                            00000000
TRISD1                            00000001
TRISD2                            00000002
TRISD3                            00000003
TRISD4                            00000004
TRISD5                            00000005
TRISD6                            00000006
TRISD7                            00000007
TRISE                             00000089
TRISE0                            00000000
TRISE1                            00000001
TRISE2                            00000002
TRMT                              00000001
TX8_9                             00000006
TX9                               00000006
TX9D                              00000000
TXD8                              00000000
TXEN                              00000005
TXIE                              00000004
TXIF                              00000004
TXREG                             00000019
TXSTA                             00000098
UA                                00000001
W                                 00000000
WCOL                              00000007
WR                                00000001
WREN                              00000002
WRERR                             00000003
MPASM 5.84                         ODEV1.ASM   11-3-2019  13:25:37         PAGE 11


SYMBOL TABLE
  LABEL                             VALUE 

Z                                 00000002
_.org_0_0009                      00000009
_.org_0_000B                      0000000B
_.org_0_002B                      0000002B
_.org_0_002D                      0000002D
_.org_0_002F                      0000002F
_.org_0_0031                      00000031
_.org_0_0033                      00000033
_.org_0_0035                      00000035
_.org_0_0037                      00000037
_.org_0_0039                      00000039
_.org_0_0041                      00000041
_.org_0_0043                      00000043
_.org_0_0045                      00000045
_.org_0_0047                      00000047
_.org_0_0049                      00000049
_.org_0_004B                      0000004B
_.org_0_004D                      0000004D
_.org_0_004F                      0000004F
_BODEN_OFF                        00003FBF
_BODEN_ON                         00003FFF
_BOREN_OFF                        00003FBF
_BOREN_ON                         00003FFF
_CONFIG                           00002007
_CPD_OFF                          00003FFF
_CPD_ON                           00003EFF
_CP_ALL                           00001FFF
_CP_OFF                           00003FFF
_CP_ON                            00001FFF
_DEBUG_OFF                        00003FFF
_DEBUG_ON                         000037FF
_DEVID1                           00002006
_FOSC_EXTRC                       00003FFF
_FOSC_HS                          00003FFE
_FOSC_LP                          00003FFC
_FOSC_XT                          00003FFD
_HS_OSC                           00003FFE
_IDLOC0                           00002000
_IDLOC1                           00002001
_IDLOC2                           00002002
_IDLOC3                           00002003
_LP_OSC                           00003FFC
_LVP_OFF                          00003F7F
_LVP_ON                           00003FFF
_PWRTE_OFF                        00003FFF
_PWRTE_ON                         00003FF7
_RC_OSC                           00003FFF
_WDTE_OFF                         00003FFB
_WDTE_ON                          00003FFF
_WDT_OFF                          00003FFB
_WDT_ON                           00003FFF
_WRT_1FOURTH                      00003BFF
_WRT_256                          00003DFF
MPASM 5.84                         ODEV1.ASM   11-3-2019  13:25:37         PAGE 12


SYMBOL TABLE
  LABEL                             VALUE 

_WRT_HALF                         000039FF
_WRT_OFF                          00003FFF
_XT_OSC                           00003FFD
__16F877A                         00000001

Errors   :     0
Warnings :     7 reported,     0 suppressed
Messages :     3 reported,     0 suppressed

