MPASM 5.84                       DENEME,.ASM   10-26-2019  22:20:27         PAGE  1


LOC  OBJECT CODE     LINE SOURCE TEXT
  VALUE

Warning[205]: Found directive in column 1. (list)
                      00001 list            p=16f877A       ; hangi pic
                      00002 #include        <p16f877A.inc>  ; SFR register 'lar?n tan?mland??? kutuphane
                      00001         LIST
                      00002 
                      00003 ;==========================================================================
                      00004 ; Build date : Mar 17 2019
                      00005 ;  MPASM PIC16F877A processor include
                      00006 ; 
                      00007 ;  (c) Copyright 1999-2019 Microchip Technology, All rights reserved
                      00008 ;==========================================================================
                      00009 
                      00567         LIST
                      00003         
Warning[205]: Found directive in column 1. (__CONFIG)
2007   3F31           00004 __CONFIG H'3F31'
                      00005 
                      00006 ;degiskenler
                      00007 
  00000020            00008 GECIKME1        EQU     0x20    ;GEC?KME 1. DONGU
  00000021            00009 GECIKME2        EQU     0x21    ;GECIKME 2. DONGU
  00000022            00010 GECIKME3        EQU     0x22    ;GECIKME 3.DONGU
                      00011 
                      00012 
                      00013 ;kesmede yedekler SFR ler icin degiskenler
  0000007D            00014 w_temp          EQU     0x7D            
  0000007E            00015 status_temp     EQU     0x7E            
  0000007F            00016 pclath_temp     EQU     0x7F                                    
                      00017 
                      00018 
                      00019 ;********************************************************************************************
                      00020         ORG     0x000                   ; Baslama vektoru
                      00021 
0000   0000           00022         nop                                                     ; ICD ozelliginin aktif edilmesi icin ge
                            reken bekleme 
0001   2???           00023         goto    BASLA                   ; baslama etiketine gir
                      00024 
                      00025         
                      00026 ;**********************************************************************************************
                      00027         ORG     0x004                   ; kesme vektoru 
                      00028 
0004   00FD           00029         movwf   w_temp                  ; W yedegini al
0005   0803           00030         movf    STATUS,w                ; Status un yedegini almak icin onu once W ya al
0006   00FE           00031         movwf   status_temp             ; Status u yedek register '?na al
0007   080A           00032         movf    PCLATH,w                ; PCLATH '? yedeklemek icin onu once W 'ya al
0008   00FF           00033         movwf   pclath_temp             ; PCLATH '? yedek register a al
                      00034 
                      00035         ; gerekli kodlar
                      00036 
0009   087F           00037         movf    pclath_temp,w           ; Geri donmeden once tum yedekleri geri yukle
000A   008A           00038         movwf   PCLATH                          
000B   087E           00039         movf    status_temp,w           
000C   0083           00040         movwf   STATUS                  
MPASM 5.84                       DENEME,.ASM   10-26-2019  22:20:27         PAGE  2


LOC  OBJECT CODE     LINE SOURCE TEXT
  VALUE

000D   0EFD           00041         swapf   w_temp,f
000E   0E7D           00042         swapf   w_temp,w                
000F   0009           00043         retfie                          ; Kesme 'den don
                      00044 ;***********************************************************************************************
                      00045 
0010                  00046 GECIKME                         ; (herbir komut 4mhz de 1mikrosn) = 1 sn GEC?KME (yakla??k)
0010   3008           00047         MOVLW   0x08
0011   00A0           00048         MOVWF   GECIKME1        
                      00049         
0012   302F           00050         MOVLW   0x2F
0013   00A1           00051         MOVWF   GECIKME2
0014   3001           00052         MOVLW   0x01
0015   00A2           00053         MOVWF   GECIKME3
0016                  00054 DONGU1
0016   0BA0           00055         DECFSZ  GECIKME1,1
0017   2???           00056         GOTO    $+2
0018   0BA1           00057         DECFSZ  GECIKME2,1
0019   2???           00058         GOTO    $+2
001A   0BA2           00059         DECFSZ  GECIKME3,1
001B   2???           00060         GOTO    DONGU1
                      00061         
001C   0000           00062         NOP
001D   0000           00063         NOP
001E   0000           00064         NOP     
001F   0008           00065         RETURN
                      00066 ;*******************************************************************************************************
                            *********
                      00067 
0020                  00068 AARTTIR
0020   0A85           00069         INCF    PORTA,1                 ; PORTa yi 1 arttir
0021   0008           00070         return
0022                  00071 AAZALT
0022   0385           00072         DECF    PORTA,1                 ; PORTa yi 1 arttir
0023   0008           00073         return
                      00074 
                      00075         
0024                  00076 BASLA
                      00077         ;en agirliksiz set edildi 01.banka gecildi
0024   1683           00078         BSF     STATUS,RP0
                      00079         
                      00080         ;varsayilan adc pasifleme
0025   3006           00081         MOVLW   0X06    
Message[302]: Register in operand not in bank 0.  Ensure that bank bits are correct.
0026   009F           00082         MOVWF   ADCON1
                      00083         
                      00084         ; port a'nin giris cikislarini ayarlama
0027   3030           00085         MOVLW   b'00110000'
Message[302]: Register in operand not in bank 0.  Ensure that bank bits are correct.
0028   0085           00086         MOVWF   TRISA               
                      00087         
                      00088         ; port b'nin giris cikislarini ayarlama
0029   3000           00089         MOVLW   0X00    
Message[302]: Register in operand not in bank 0.  Ensure that bank bits are correct.
MPASM 5.84                       DENEME,.ASM   10-26-2019  22:20:27         PAGE  3


LOC  OBJECT CODE     LINE SOURCE TEXT
  VALUE

002A   0086           00090         MOVWF   TRISB               
                      00091         
                      00092         ;en agirliksiz clear edildi portlar icin 00.banka gecildi
002B   1283           00093         BCF     STATUS,RP0      
                      00094         
                      00095         ;port a ve b icini temizleme
002C   0185           00096         CLRF    PORTA
002D   0186           00097         CLRF    PORTB
                      00098         
                      00099         ;pull-up oldugundan a port cikislara 0, girislere 1 yukle
002E   3030           00100         MOVLW   b'00110000'         ; PORT A 'YI BASTA 00000000 YAP
002F   0085           00101         MOVWF   PORTA
                      00102         
                      00103         ;pull-up oldugundan cikislara 0, girislere 1 yukle
0030   3000           00104         MOVLW   0X00                ; PORT B 'YI BASTA 00000000 YAP
0031   0086           00105         MOVWF   PORTB
                      00106         
Warning[207]: Found label after column 1. (DON)
0032                  00107     DON ;baslangicta butonlari dinleme
0032   1E05           00108         BTFSS   PORTA,4         
0033   2???           00109         GOTO    ILERISAYICI
0034   1E85           00110         BTFSS   PORTA,5         
0035   2???           00111         GOTO    GERISAYICI
0036   2???           00112         GOTO    DON
                      00113         
0037                  00114 ILERISAYICI ;;;;;;;;;;;;;;;;;;;;;;;;;;;;;;;;;;;;;;;;;;;;;;;;;;;;;;;;;;
0037   2???           00115         CALL    GECIKME             ; 1sn gecik
                      00116         
                      00117         ; Tüm bitler 1 ise porta'yi arttiracak
0038   1F86           00118         BTFSS   PORTB,7
0039   2???           00119         GOTO    $+2
003A   1F06           00120         BTFSS   PORTB,6
003B   2???           00121         GOTO    $+2
003C   1E86           00122         BTFSS   PORTB,5
003D   2???           00123         GOTO    $+2
003E   1E06           00124         BTFSS   PORTB,4
003F   2???           00125         GOTO    $+2
0040   1D86           00126         BTFSS   PORTB,3
0041   2???           00127         GOTO    $+2
0042   1D06           00128         BTFSS   PORTB,2
0043   2???           00129         GOTO    $+2
0044   1C86           00130         BTFSS   PORTB,1
0045   2???           00131         GOTO    $+2
0046   1C06           00132         BTFSS   PORTB,0
0047   2???           00133         GOTO    $+2
0048   2???           00134         CALL    AARTTIR
                      00135         
                      00136         ; PORTB yi 1 arttir
0049   0A86           00137         INCF    PORTB,1                 
                      00138         
                      00139         ;pull-up geri sayiciya gecme
004A   1E85           00140         BTFSS   PORTA,5         
004B   2???           00141         GOTO    GERISAYICI
MPASM 5.84                       DENEME,.ASM   10-26-2019  22:20:27         PAGE  4


LOC  OBJECT CODE     LINE SOURCE TEXT
  VALUE

004C   2???           00142         GOTO    ILERISAYICI
                      00143 
004D                  00144 GERISAYICI ;;;;;;;;;;;;;;;;;;;;;;;;;;;;;;;;;;;;;;;;;;;;;;;;;;;;;;;;;;
004D   2???           00145         CALL    GECIKME
                      00146         
                      00147         ; Tüm bitler 0 ise porta'yi azaltacak
004E   1B86           00148         BTFSC   PORTB,7
004F   2???           00149         GOTO    $+2
0050   1B06           00150         BTFSC   PORTB,6
0051   2???           00151         GOTO    $+2
0052   1A86           00152         BTFSC   PORTB,5
0053   2???           00153         GOTO    $+2
0054   1A06           00154         BTFSC   PORTB,4
0055   2???           00155         GOTO    $+2
0056   1986           00156         BTFSC   PORTB,3
0057   2???           00157         GOTO    $+2
0058   1906           00158         BTFSC   PORTB,2
0059   2???           00159         GOTO    $+2
005A   1886           00160         BTFSC   PORTB,1
005B   2???           00161         GOTO    $+2
005C   1806           00162         BTFSC   PORTB,0
005D   2???           00163         GOTO    $+2
005E   2???           00164         CALL    AAZALT
                      00165         
                      00166         ;PORTB'yi 1 azalt
005F   0386           00167         DECF    PORTB,1                 
                      00168         
                      00169         ;pull-up ileri sayiciya gecme
0060   1E05           00170         BTFSS   PORTA,4         
0061   2???           00171         GOTO    ILERISAYICI
0062   2???           00172         GOTO    GERISAYICI
                      00173         
3F31                  00174         END                         ; Program sonu
MPASM 5.84                       DENEME,.ASM   10-26-2019  22:20:27         PAGE  5


SYMBOL TABLE
  LABEL                             VALUE 

AARTTIR                           00000020
AAZALT                            00000022
ACKDT                             00000005
ACKEN                             00000004
ACKSTAT                           00000006
ADCON0                            0000001F
ADCON1                            0000009F
ADCS0                             00000006
ADCS1                             00000007
ADCS2                             00000006
ADDEN                             00000003
ADFM                              00000007
ADIE                              00000006
ADIF                              00000006
ADON                              00000000
ADRESH                            0000001E
ADRESL                            0000009E
BASLA                             00000024
BCLIE                             00000003
BCLIF                             00000003
BF                                00000000
BRGH                              00000002
C                                 00000000
C1INV                             00000004
C1OUT                             00000006
C2INV                             00000005
C2OUT                             00000007
CCP1CON                           00000017
CCP1IE                            00000002
CCP1IF                            00000002
CCP1M0                            00000000
CCP1M1                            00000001
CCP1M2                            00000002
CCP1M3                            00000003
CCP1X                             00000005
CCP1Y                             00000004
CCP2CON                           0000001D
CCP2IE                            00000000
CCP2IF                            00000000
CCP2M0                            00000000
CCP2M1                            00000001
CCP2M2                            00000002
CCP2M3                            00000003
CCP2X                             00000005
CCP2Y                             00000004
CCPR1                             00000015
CCPR1H                            00000016
CCPR1L                            00000015
CCPR2                             0000001B
CCPR2H                            0000001C
CCPR2L                            0000001B
CHS0                              00000003
CHS1                              00000004
MPASM 5.84                       DENEME,.ASM   10-26-2019  22:20:27         PAGE  6


SYMBOL TABLE
  LABEL                             VALUE 

CHS2                              00000005
CIS                               00000003
CKE                               00000006
CKP                               00000004
CM0                               00000000
CM1                               00000001
CM2                               00000002
CMCON                             0000009C
CMIE                              00000006
CMIF                              00000006
CREN                              00000004
CSRC                              00000007
CVR0                              00000000
CVR1                              00000001
CVR2                              00000002
CVR3                              00000003
CVRCON                            0000009D
CVREN                             00000007
CVROE                             00000006
CVRR                              00000005
D                                 00000005
DATA_ADDRESS                      00000005
DC                                00000001
DON                               00000032
DONGU1                            00000016
D_A                               00000005
D_NOT_A                           00000005
EEADR                             0000010D
EEADRH                            0000010F
EECON1                            0000018C
EECON2                            0000018D
EEDATA                            0000010C
EEDATH                            0000010E
EEIE                              00000004
EEIF                              00000004
EEPGD                             00000007
F                                 00000001
FERR                              00000002
FSR                               00000004
GCEN                              00000007
GECIKME                           00000010
GECIKME1                          00000020
GECIKME2                          00000021
GECIKME3                          00000022
GERISAYICI                        0000004D
GIE                               00000007
GO                                00000002
GO_DONE                           00000002
GO_NOT_DONE                       00000002
I2C_DATA                          00000005
I2C_READ                          00000002
I2C_START                         00000003
I2C_STOP                          00000004
MPASM 5.84                       DENEME,.ASM   10-26-2019  22:20:27         PAGE  7


SYMBOL TABLE
  LABEL                             VALUE 

IBF                               00000007
IBOV                              00000005
ILERISAYICI                       00000037
INDF                              00000000
INTCON                            0000000B
INTE                              00000004
INTEDG                            00000006
INTF                              00000001
IRP                               00000007
NOT_A                             00000005
NOT_ADDRESS                       00000005
NOT_BO                            00000000
NOT_BOR                           00000000
NOT_DONE                          00000002
NOT_PD                            00000003
NOT_POR                           00000001
NOT_RBPU                          00000007
NOT_RC8                           00000006
NOT_T1SYNC                        00000002
NOT_TO                            00000004
NOT_TX8                           00000006
NOT_W                             00000002
NOT_WRITE                         00000002
OBF                               00000006
OERR                              00000001
OPTION_REG                        00000081
P                                 00000004
PCFG0                             00000000
PCFG1                             00000001
PCFG2                             00000002
PCFG3                             00000003
PCL                               00000002
PCLATH                            0000000A
PCON                              0000008E
PEIE                              00000006
PEN                               00000002
PIE1                              0000008C
PIE2                              0000008D
PIR1                              0000000C
PIR2                              0000000D
PORTA                             00000005
PORTB                             00000006
PORTC                             00000007
PORTD                             00000008
PORTE                             00000009
PR2                               00000092
PS0                               00000000
PS1                               00000001
PS2                               00000002
PSA                               00000003
PSPIE                             00000007
PSPIF                             00000007
PSPMODE                           00000004
MPASM 5.84                       DENEME,.ASM   10-26-2019  22:20:27         PAGE  8


SYMBOL TABLE
  LABEL                             VALUE 

R                                 00000002
RA0                               00000000
RA1                               00000001
RA2                               00000002
RA3                               00000003
RA4                               00000004
RA5                               00000005
RB0                               00000000
RB1                               00000001
RB2                               00000002
RB3                               00000003
RB4                               00000004
RB5                               00000005
RB6                               00000006
RB7                               00000007
RBIE                              00000003
RBIF                              00000000
RC0                               00000000
RC1                               00000001
RC2                               00000002
RC3                               00000003
RC4                               00000004
RC5                               00000005
RC6                               00000006
RC7                               00000007
RC8_9                             00000006
RC9                               00000006
RCD8                              00000000
RCEN                              00000003
RCIE                              00000005
RCIF                              00000005
RCREG                             0000001A
RCSTA                             00000018
RD                                00000000
RD0                               00000000
RD1                               00000001
RD2                               00000002
RD3                               00000003
RD4                               00000004
RD5                               00000005
RD6                               00000006
RD7                               00000007
RE0                               00000000
RE1                               00000001
RE2                               00000002
READ_WRITE                        00000002
RP0                               00000005
RP1                               00000006
RSEN                              00000001
RX9                               00000006
RX9D                              00000000
R_NOT_W                           00000002
R_W                               00000002
MPASM 5.84                       DENEME,.ASM   10-26-2019  22:20:27         PAGE  9


SYMBOL TABLE
  LABEL                             VALUE 

S                                 00000003
SEN                               00000000
SMP                               00000007
SPBRG                             00000099
SPEN                              00000007
SREN                              00000005
SSPADD                            00000093
SSPBUF                            00000013
SSPCON                            00000014
SSPCON2                           00000091
SSPEN                             00000005
SSPIE                             00000003
SSPIF                             00000003
SSPM0                             00000000
SSPM1                             00000001
SSPM2                             00000002
SSPM3                             00000003
SSPOV                             00000006
SSPSTAT                           00000094
STATUS                            00000003
SYNC                              00000004
T0CS                              00000005
T0IE                              00000005
T0IF                              00000002
T0SE                              00000004
T1CKPS0                           00000004
T1CKPS1                           00000005
T1CON                             00000010
T1INSYNC                          00000002
T1OSCEN                           00000003
T1SYNC                            00000002
T2CKPS0                           00000000
T2CKPS1                           00000001
T2CON                             00000012
TMR0                              00000001
TMR0IE                            00000005
TMR0IF                            00000002
TMR1                              0000000E
TMR1CS                            00000001
TMR1H                             0000000F
TMR1IE                            00000000
TMR1IF                            00000000
TMR1L                             0000000E
TMR1ON                            00000000
TMR2                              00000011
TMR2IE                            00000001
TMR2IF                            00000001
TMR2ON                            00000002
TOUTPS0                           00000003
TOUTPS1                           00000004
TOUTPS2                           00000005
TOUTPS3                           00000006
TRISA                             00000085
MPASM 5.84                       DENEME,.ASM   10-26-2019  22:20:27         PAGE 10


SYMBOL TABLE
  LABEL                             VALUE 

TRISA0                            00000000
TRISA1                            00000001
TRISA2                            00000002
TRISA3                            00000003
TRISA4                            00000004
TRISA5                            00000005
TRISB                             00000086
TRISB0                            00000000
TRISB1                            00000001
TRISB2                            00000002
TRISB3                            00000003
TRISB4                            00000004
TRISB5                            00000005
TRISB6                            00000006
TRISB7                            00000007
TRISC                             00000087
TRISC0                            00000000
TRISC1                            00000001
TRISC2                            00000002
TRISC3                            00000003
TRISC4                            00000004
TRISC5                            00000005
TRISC6                            00000006
TRISC7                            00000007
TRISD                             00000088
TRISD0                            00000000
TRISD1                            00000001
TRISD2                            00000002
TRISD3                            00000003
TRISD4                            00000004
TRISD5                            00000005
TRISD6                            00000006
TRISD7                            00000007
TRISE                             00000089
TRISE0                            00000000
TRISE1                            00000001
TRISE2                            00000002
TRMT                              00000001
TX8_9                             00000006
TX9                               00000006
TX9D                              00000000
TXD8                              00000000
TXEN                              00000005
TXIE                              00000004
TXIF                              00000004
TXREG                             00000019
TXSTA                             00000098
UA                                00000001
W                                 00000000
WCOL                              00000007
WR                                00000001
WREN                              00000002
WRERR                             00000003
MPASM 5.84                       DENEME,.ASM   10-26-2019  22:20:27         PAGE 11


SYMBOL TABLE
  LABEL                             VALUE 

Z                                 00000002
_.org_1_0017                      00000017
_.org_1_0019                      00000019
_.org_1_0039                      00000039
_.org_1_003B                      0000003B
_.org_1_003D                      0000003D
_.org_1_003F                      0000003F
_.org_1_0041                      00000041
_.org_1_0043                      00000043
_.org_1_0045                      00000045
_.org_1_0047                      00000047
_.org_1_004F                      0000004F
_.org_1_0051                      00000051
_.org_1_0053                      00000053
_.org_1_0055                      00000055
_.org_1_0057                      00000057
_.org_1_0059                      00000059
_.org_1_005B                      0000005B
_.org_1_005D                      0000005D
_BODEN_OFF                        00003FBF
_BODEN_ON                         00003FFF
_BOREN_OFF                        00003FBF
_BOREN_ON                         00003FFF
_CONFIG                           00002007
_CPD_OFF                          00003FFF
_CPD_ON                           00003EFF
_CP_ALL                           00001FFF
_CP_OFF                           00003FFF
_CP_ON                            00001FFF
_DEBUG_OFF                        00003FFF
_DEBUG_ON                         000037FF
_DEVID1                           00002006
_FOSC_EXTRC                       00003FFF
_FOSC_HS                          00003FFE
_FOSC_LP                          00003FFC
_FOSC_XT                          00003FFD
_HS_OSC                           00003FFE
_IDLOC0                           00002000
_IDLOC1                           00002001
_IDLOC2                           00002002
_IDLOC3                           00002003
_LP_OSC                           00003FFC
_LVP_OFF                          00003F7F
_LVP_ON                           00003FFF
_PWRTE_OFF                        00003FFF
_PWRTE_ON                         00003FF7
_RC_OSC                           00003FFF
_WDTE_OFF                         00003FFB
_WDTE_ON                          00003FFF
_WDT_OFF                          00003FFB
_WDT_ON                           00003FFF
_WRT_1FOURTH                      00003BFF
_WRT_256                          00003DFF
MPASM 5.84                       DENEME,.ASM   10-26-2019  22:20:27         PAGE 12


SYMBOL TABLE
  LABEL                             VALUE 

_WRT_HALF                         000039FF
_WRT_OFF                          00003FFF
_XT_OSC                           00003FFD
__16F877A                         00000001
pclath_temp                       0000007F
status_temp                       0000007E
w_temp                            0000007D

Errors   :     0
Warnings :     3 reported,     0 suppressed
Messages :     3 reported,     0 suppressed

